<?xml version="1.0" encoding="UTF-8"?>
<testsuite name="com.employees.employeestest.EmployeesPostTest" time="3.315" tests="1" errors="0" skipped="0" failures="1">
  <properties>
[...]
</properties>
  <testcase name="createNewStudent" classname="com.employees.employeestest.EmployeesPostTest" time="3.315">
    <failure message="1 expectation failed.&#10;Expected status code &lt;201&gt; but was &lt;404&gt;.&#10;" type="java.lang.AssertionError"><![CDATA[java.lang.AssertionError: 1 expectation failed.
Expected status code <201> but was <404>.

	at sun.reflect.NativeConstructorAccessorImpl.newInstance0(Native Method)
	at sun.reflect.NativeConstructorAccessorImpl.newInstance(NativeConstructorAccessorImpl.java:62)
	at sun.reflect.DelegatingConstructorAccessorImpl.newInstance(DelegatingConstructorAccessorImpl.java:45)
	at java.lang.reflect.Constructor.newInstance(Constructor.java:423)
	at org.codehaus.groovy.reflection.CachedConstructor.invoke(CachedConstructor.java:83)
	at org.codehaus.groovy.reflection.CachedConstructor.doConstructorInvoke(CachedConstructor.java:77)
	at org.codehaus.groovy.runtime.callsite.ConstructorSite$ConstructorSiteNoUnwrap.callConstructor(ConstructorSite.java:84)
	at org.codehaus.groovy.runtime.callsite.CallSiteArray.defaultCallConstructor(CallSiteArray.java:60)
	at org.codehaus.groovy.runtime.callsite.AbstractCallSite.callConstructor(AbstractCallSite.java:235)
	at org.codehaus.groovy.runtime.callsite.AbstractCallSite.callConstructor(AbstractCallSite.java:247)
	at io.restassured.internal.ResponseSpecificationImpl$HamcrestAssertionClosure.validate(ResponseSpecificationImpl.groovy:494)
	at io.restassured.internal.ResponseSpecificationImpl$HamcrestAssertionClosure$validate$1.call(Unknown Source)
	at org.codehaus.groovy.runtime.callsite.CallSiteArray.defaultCall(CallSiteArray.java:48)
	at org.codehaus.groovy.runtime.callsite.AbstractCallSite.call(AbstractCallSite.java:113)
	at org.codehaus.groovy.runtime.callsite.AbstractCallSite.call(AbstractCallSite.java:125)
	at io.restassured.internal.ResponseSpecificationImpl.validateResponseIfRequired(ResponseSpecificationImpl.groovy:656)
	at sun.reflect.NativeMethodAccessorImpl.invoke0(Native Method)
	at sun.reflect.NativeMethodAccessorImpl.invoke(NativeMethodAccessorImpl.java:62)
	at sun.reflect.DelegatingMethodAccessorImpl.invoke(DelegatingMethodAccessorImpl.java:43)
	at java.lang.reflect.Method.invoke(Method.java:498)
	at org.codehaus.groovy.runtime.callsite.PogoMetaMethodSite$PogoCachedMethodSiteNoUnwrapNoCoerce.invoke(PogoMetaMethodSite.java:210)
	at org.codehaus.groovy.runtime.callsite.PogoMetaMethodSite.callCurrent(PogoMetaMethodSite.java:59)
	at org.codehaus.groovy.runtime.callsite.CallSiteArray.defaultCallCurrent(CallSiteArray.java:52)
	at org.codehaus.groovy.runtime.callsite.AbstractCallSite.callCurrent(AbstractCallSite.java:154)
	at org.codehaus.groovy.runtime.callsite.AbstractCallSite.callCurrent(AbstractCallSite.java:166)
	at io.restassured.internal.ResponseSpecificationImpl.statusCode(ResponseSpecificationImpl.groovy:125)
	at io.restassured.specification.ResponseSpecification$statusCode$0.callCurrent(Unknown Source)
	at org.codehaus.groovy.runtime.callsite.CallSiteArray.defaultCallCurrent(CallSiteArray.java:52)
	at org.codehaus.groovy.runtime.callsite.AbstractCallSite.callCurrent(AbstractCallSite.java:154)
	at org.codehaus.groovy.runtime.callsite.AbstractCallSite.callCurrent(AbstractCallSite.java:166)
	at io.restassured.internal.ResponseSpecificationImpl.statusCode(ResponseSpecificationImpl.groovy:133)
	at io.restassured.internal.ValidatableResponseOptionsImpl.statusCode(ValidatableResponseOptionsImpl.java:119)
	at com.employees.employeestest.EmployeesPostTest.createNewStudent(EmployeesPostTest.java:36)
]]></failure>
    <system-out><![CDATA[HTTP/1.1 404 Not Found
Access-Control-Allow-Origin: *
Access-Control-Expose-Headers: Content-Type, X-Requested-With, X-authentication, X-client
Age: 0
Cache-Control: no-cache
Content-Encoding: gzip
Content-Type: text/html;charset=UTF-8
Date: Wed, 04 Dec 2019 18:05:02 GMT
Expires: Thu, 19 Nov 1981 08:52:00 GMT
Pagespeed: off
Pragma: no-cache
Referrer-Policy: 
Response: 404
Server: nginx/1.16.0
Set-Cookie: PHPSESSID=f30022d08e88cf242c35f0488eb8a0a7; path=/
Set-Cookie: ezoadgid_133674=-1; Path=/; Domain=restapiexample.com; Expires=Wed, 04 Dec 2019 18:35:02 UTC
Set-Cookie: ezoref_133674=; Path=/; Domain=restapiexample.com; Expires=Wed, 04 Dec 2019 20:05:02 UTC
Set-Cookie: ezoab_133674=mod61-c; Path=/; Domain=restapiexample.com; Expires=Wed, 04 Dec 2019 20:05:02 UTC
Set-Cookie: active_template::133674=pub_site.1575482702; Path=/; Domain=restapiexample.com; Expires=Fri, 06 Dec 2019 18:05:02 UTC
Set-Cookie: ezCMPCCS=false; Path=/; Domain=restapiexample.com; Expires=Fri, 04 Dec 2020 18:05:02 GMT
Vary: Accept-Encoding,X-APP-JSON
Via: 1.1 varnish (Varnish/6.0)
X-Ezoic-Cdn: Miss
X-Middleton-Response: 404
X-Shard: 100226118
X-Sol: pub_site
X-Varnish: 303230681
X-Vcache: Miss
Transfer-Encoding: chunked

<html>
  <head>
    <script>
      (function(window, document) {
            if (!window.__cmp) {
                window.__cmp = (function() {
                    var listen = window.attachEvent || window.addEventListener;
                    listen('message', function(event) {
                        window.__cmp.receiveMessage(event);
                    }, false);

                    function addLocatorFrame() {
                        if (!window.frames['__cmpLocator']) {
                            if (document.body) {
                                var frame = document.createElement('iframe');
                                frame.style.display = 'none';
                                frame.name = '__cmpLocator';
                                document.body.appendChild(frame);
                            } else {
                                setTimeout(addLocatorFrame, 5);
                            }
                        }
                    }
                    addLocatorFrame();

                    var commandQueue = [];
                    var cmp = function(command, parameter, callback) {
                        if (command === 'ping') {
                            if (callback) {
                                callback({
                                    gdprAppliesGlobally: !!(window.__cmp &amp;&amp; window.__cmp.config &amp;&amp; window.__cmp.config.storeConsentGlobally),
                                    cmpLoaded: false
                                });
                            }
                        } else {
                            commandQueue.push({
                                command: command,
                                parameter: parameter,
                                callback: callback
                            });
                        }
                    }
                    cmp.commandQueue = commandQueue;
                    cmp.receiveMessage = function(event) {
                        var data = event &amp;&amp; event.data &amp;&amp; event.data.__cmpCall;
                        if (data) {
                            commandQueue.push({
                                callId: data.callId,
                                command: data.command,
                                parameter: data.parameter,
                                event: event
                            });
                        }
                    };
                    cmp.config = {
                        
globalVendorListLocation: 'https://vendorlist.consensu.org/vendorlist.json',
storeConsentGlobally: false,

                    }
                    return cmp;
                }());
                var t = document.createElement('script');
                t.async = false;
                t.src = '/cmp/cmp.js';
                var tag = document.getElementsByTagName('head')[0];
                tag.appendChild(t);
            }
        })(window, document);
    </script>
    <script type="text/javascript" data-cfasync="false">
      var _ezaq = {&quot;ad_cache_level&quot;:0,&quot;ad_location_ids&quot;:&quot;&quot;,&quot;ad_transform_level&quot;:0,&quot;adx_ad_count&quot;:0,&quot;bidder_version&quot;:3,&quot;city&quot;:&quot;Wembley&quot;,&quot;country&quot;:&quot;GB&quot;,&quot;days_since_last_visit&quot;:-1,&quot;display_ad_count&quot;:0,&quot;domain_id&quot;:133674,&quot;ds_adsize_opt_id&quot;:-1,&quot;engaged_time_visit&quot;:0,&quot;ezcache_level&quot;:1,&quot;forensiq_score&quot;:-1,&quot;form_factor_id&quot;:1,&quot;framework_id&quot;:1,&quot;has_bad_image&quot;:0,&quot;has_bad_words&quot;:0,&quot;iab_category&quot;:&quot;&quot;,&quot;is_from_recommended_pages&quot;:false,&quot;is_return_visitor&quot;:false,&quot;last_page_load&quot;:&quot;&quot;,&quot;last_pageview_id&quot;:&quot;&quot;,&quot;lt_cache_level&quot;:0,&quot;max_ads&quot;:0,&quot;metro_code&quot;:0,&quot;page_ad_positions&quot;:&quot;&quot;,&quot;page_view_count&quot;:0,&quot;page_view_id&quot;:&quot;3fbc5330-3912-426d-5da4-6418ad6d7242&quot;,&quot;position_selection_id&quot;:0,&quot;postal_code&quot;:&quot;HA9&quot;,&quot;pv_event_count&quot;:0,&quot;response_time_orig&quot;:557,&quot;serverid&quot;:&quot;3.122.52.193:18198&quot;,&quot;state&quot;:&quot;BEN&quot;,&quot;sub_page_ad_positions&quot;:&quot;&quot;,&quot;t_epoch&quot;:1575482702,&quot;template_id&quot;:0,&quot;time_on_site_visit&quot;:0,&quot;url&quot;:&quot;http://dummy.restapiexample.com/api/v1&quot;,&quot;user_id&quot;:0,&quot;word_count&quot;:0,&quot;worst_bad_word_level&quot;:0};var _ezim_d = null;var _ezat = {&quot;domain_id&quot;:133674,&quot;form_factor_id&quot;:1,&quot;framework_id&quot;:1,&quot;pageview_date&quot;:&quot;2019-12-04&quot;,&quot;pageview_id&quot;:&quot;3fbc5330-3912-426d-5da4-6418ad6d7242&quot;,&quot;template_id&quot;:0,&quot;url&quot;:&quot;http://dummy.restapiexample.com/api/v1&quot;,&quot;visit_uuid&quot;:&quot;e18c9e87-bd61-4735-63b5-8aafb07373f1&quot;};
    </script>
    <script data-pagespeed-no-defer="data-pagespeed-no-defer" data-cfasync="false" type="text/javascript">
      __ez.queue.addFile('banger.js', '/porpoiseant/banger.js?cb=188-3&amp;bv=80&amp;v=30&amp;PageSpeed=off', true, [], true, false, false, true);
    </script>
    <script data-cfasync="false" data-pagespeed-no-defer="data-pagespeed-no-defer">
      var __ez=__ez||{};__ez.stms=Date.now();__ez.evt={};__ez.script={};__ez.ck={};__ez.template={};__ez.template.isOrig=false;__ez.evt.add=function(e,t,n){e.addEventListener?e.addEventListener(t,n,!1):e.attachEvent?e.attachEvent(&quot;on&quot;+t,n):e[&quot;on&quot;+t]=n()},__ez.evt.remove=function(e,t,n){e.removeEventListener?e.removeEventListener(t,n,!1):e.detachEvent?e.detachEvent(&quot;on&quot;+t,n):delete e[&quot;on&quot;+t]};__ez.ck.get=function(e,n){null!==n&amp;&amp;(e=e+&quot;_&quot;+n);for(var o=e+&quot;=&quot;,t=decodeURIComponent(document.cookie).split(&quot;;&quot;),i=0;i&lt;t.length;i++){for(var c=t[i];&quot; &quot;===c.charAt(0);)c=c.substring(1);if(0===c.indexOf(o))return c.substring(o.length,c.length)}return&quot;&quot;},__ez.ck.setByCat=function(e,n){if(-1===e.indexOf(&quot;path=&quot;)&amp;&amp;(e+=&quot;; path=/&quot;),&quot;undefined&quot;!=typeof cmpIsOn){if(null!=n){var o=__ez.ck.get(&quot;ezCMPCookieConsent&quot;,null);-1!==(o=o.substring(1,o.length)).indexOf(n+&quot;=1&quot;)?document.cookie=e:&quot;&quot;===o&amp;&amp;&quot;undefined&quot;!=typeof cmpCookies&amp;&amp;(void 0===cmpCookies[n]&amp;&amp;(cmpCookies[n]=[]),cmpCookies[n].push(e))}}else document.cookie=e};__ez.queue=function(){var e=0,i=0,n=[],t=!1,r=[],o=[],s=!0,a={func:function(e,i,t,r,o,s,a){var l=this;this.name=e,this.funcName=i,this.parameters=null===t?null:t instanceof Array?t:[t],this.isBlock=r,this.blockedBy=o,this.deleteWhenComplete=s,this.isError=!1,this.isComplete=!1,this.isInitialized=!1,this.proceedIfError=a,this.isTimeDelay=!1,this.process=function(){d(&quot;... func = &quot;+e),l.isInitialized=!0,l.isComplete=!0,d(&quot;... func.apply: &quot;+e);var i=l.funcName.split(&quot;.&quot;),t=null;i.length&gt;3||(t=3===i.length?window[i[0]][i[1]][i[2]]:2===i.length?window[i[0]][i[1]]:window[l.funcName]),null!=t&amp;&amp;t.apply(null,this.parameters),!0===l.deleteWhenComplete&amp;&amp;delete n[e],!0===l.isBlock&amp;&amp;(d(&quot;----- F'D: &quot;+l.name),f())}},file:function(e,i,n,t,r,o,s){var a=this;this.name=e,this.path=i,this.async=r,this.defer=o,this.isBlock=n,this.blockedBy=t,this.isInitialized=!1,this.isError=!1,this.isComplete=!1,this.proceedIfError=s,this.isTimeDelay=!1,this.process=function(){a.isInitialized=!0,d(&quot;... file = &quot;+e);var n=document.createElement(&quot;script&quot;);n.src=i,!0===r?n.async=!0:!0===o&amp;&amp;(n.defer=!0),n.onerror=function(){d(&quot;----- ERR'D: &quot;+a.name),a.isError=!0,!0===a.isBlock&amp;&amp;f()},n.onreadystatechange=n.onload=function(){var e=n.readyState;d(&quot;----- F'D: &quot;+a.name),e&amp;&amp;!/loaded|complete/.test(e)||(a.isComplete=!0,!0===a.isBlock&amp;&amp;f())},document.getElementsByTagName(&quot;head&quot;)[0].appendChild(n)}}};function l(e){!0!==c(e)&amp;&amp;0!=s&amp;&amp;e.process()}function c(e){if(!0===e.isTimeDelay&amp;&amp;!1===t)return d(e.name+&quot; blocked = TIME DELAY!&quot;),!0;if(e.blockedBy instanceof Array)for(var i=0;i&lt;e.blockedBy.length;i++){var r=e.blockedBy[i];if(!1===n.hasOwnProperty(r))return d(e.name+&quot; blocked = &quot;+r),!0;if(!0===e.proceedIfError&amp;&amp;!0===n[r].isError)return!1;if(!1===n[r].isComplete)return d(e.name+&quot; blocked = &quot;+r),!0}return!1}function d(e){var i=window.location.href,n=new RegExp(&quot;[?&amp;]ezq=([^&amp;#]*)&quot;,&quot;i&quot;).exec(i);&quot;1&quot;===(n?n[1]:null)&amp;&amp;console.debug(e)}function f(){++e&gt;200||(d(&quot;let's go&quot;),u(r),u(o))}function u(e){for(var i in e)if(!1!==e.hasOwnProperty(i)){var n=e[i];!0===n.isComplete||c(n)||!0===n.isInitialized||!0===n.isError?!0===n.isError?d(n.name+&quot;: error&quot;):!0===n.isComplete?d(n.name+&quot;: complete already&quot;):!0===n.isInitialized&amp;&amp;d(n.name+&quot;: initialized already&quot;):n.process()}}return window.addEventListener(&quot;load&quot;,function(){setTimeout(function(){t=!0,d(&quot;TDELAY -----&quot;),f()},5e3)},!1),{addFile:function(e,i,t,s,c,d,f,u){var h=new a.file(e,i,t,s,c,d,f);!0===u?r[e]=h:o[e]=h,n[e]=h,l(h)},addDelayFile:function(e,i){var t=new a.file(e,i,!1,[],!1,!1,!0);t.isTimeDelay=!0,d(e+&quot; ...  FILE! TDELAY&quot;),o[e]=t,n[e]=t,l(t)},addFunc:function(e,t,s,c,d,f,u,h,m){!0===f&amp;&amp;(e=e+&quot;_&quot;+i++);var p=new a.func(e,t,s,c,d,u,h);!0===m?r[e]=p:o[e]=p,n[e]=p,l(p)},addDelayFunc:function(e,i,t){var r=new a.func(e,i,t,!1,[],!0,!0);r.isTimeDelay=!0,d(e+&quot; ...  FUNCTION! TDELAY&quot;),o[e]=r,n[e]=r,l(r)},items:n,processAll:f,setallowLoad:function(e){s=e}}}();__ez.screxqueue=function(){function w(a,b){var c=a.toString().replace(z,&quot;&quot;);c=c.slice(c.indexOf(&quot;(&quot;)+1,c.indexOf(&quot;)&quot;)).match(A);null===c&amp;&amp;(c=[]);for(var d=0;d&lt;c.length;d++)0===b.indexOf(&quot;jQuery-document-ready&quot;)&amp;&amp;0===d&amp;&amp;1===c[d].length&amp;&amp;&quot;undefined&quot;===typeof window[c[d]]&amp;&amp;&quot;undefined&quot;!==typeof window.jQuery?c[d]=window.jQuery:0===b.lastIndexOf(&quot;window-load-listener&quot;,0)||0===b.lastIndexOf(&quot;dom-content-loaded-listener&quot;,0)||0===b.lastIndexOf(&quot;windowOnLoad&quot;,0)||0===b.lastIndexOf(&quot;jQuery-window-load&quot;,0)?
	c[d]=new CustomEvent(&quot;load&quot;):c[d]=window[c[d]];return c}function v(a){if(a.blockedBy instanceof Array)for(var b=0;b&lt;a.blockedBy.length;b++){var c=a.blockedBy[b];if(!1===r.hasOwnProperty(c)||!1===r[c].isComplete)return f(a.name+&quot; blocked = &quot;+c),!0}return!1}function q(){for(var a in m)if(!1!==m.hasOwnProperty(a)){var b=m[a],c=&quot;&quot;;b.blockedBy instanceof Array&amp;&amp;0&lt;b.blockedBy.length&amp;&amp;-1!==n.indexOf(b.blockedBy[0])&amp;&amp;(c=b.blockedBy[0]);if(!1===b.isComplete&amp;&amp;!1===b.isError&amp;&amp;c===h)return!1}-1===u.indexOf(h)&amp;&amp;
	u.push(h);b=h;for(a=0;a&lt;n.length;a++)if(-1===u.indexOf(n[a])){h=n[a];break}if(h===b)return!0;__ez.screxqueue.addFunc(null,h,h,[],!0,&quot;&quot;==b?[]:[b]);f(&quot;screx done for state: &quot;+(&quot;&quot;===b?&quot;init&quot;:b));f(&quot;screx state now: &quot;+h);t();return!0}function f(a){var b=/[?&amp;]ezscrexq=([^&amp;#]*)/i.exec(window.location.href);&quot;1&quot;===(b?b[1]:null)&amp;&amp;console.debug(a)}function t(){x++;200&lt;x||(f(&quot;let's go screx&quot;),&quot;requestIdleCallback&quot;in window?window.requestIdleCallback(function(a){y(a)}):(B(m,m.length),q()))}function B(a){for(var b in a)if(!1!==
	a.hasOwnProperty(b)){var c=a[b];!0===c.isComplete||v(c)||!0===c.isInitialized||!0===c.isError?!0===c.isError?f(c.name+&quot;: error&quot;):!0===c.isComplete?f(c.name+&quot;: complete already&quot;):!0===c.isInitialized&amp;&amp;f(c.name+&quot;: initialized already&quot;):c.process()}}function y(a){var b=!1;15&lt;a.timeRemaining()&amp;&amp;(b=C(m,Math.floor(a.timeRemaining()/10)));f(&quot;is done &quot;+b);0==b?window.requestIdleCallback(function(b){y(b)}):q()}function C(a,b){var c=0,d=0,p=0,l=0,e=Object.keys(a).length,g;for(g in a)if(d++,!1!==a.hasOwnProperty(g)){var k=
	a[g],h=v(k);!0===k.isComplete||h||!0===k.isInitialized||!0===k.isError?!0===k.isError?(f(k.name+&quot;: error&quot;),p++):!0===k.isComplete?(p++,f(k.name+&quot;: complete already&quot;)):!0===k.isInitialized?f(k.name+&quot;: initialized already&quot;):1==h&amp;&amp;l++:(k.process(),c++);f(e+&quot; - &quot;+d+&quot; - &quot;+b);if(c&gt;=b)return e&gt;d?!1:!0}f(&quot;complete: &quot;+p+&quot; items: &quot;+e);if(p&gt;=e)return!0;p+l==e&amp;&amp;q();return!1}var z=/((\/\/.*$)|(\/\*[\s\S]*?\*\/))/mg,A=/([^\s,]+)/g,x=0,D=0,r=[],m=[],h=&quot;&quot;,n=[&quot;documentReady&quot;,&quot;domContentLoaded&quot;,&quot;windowLoad&quot;,&quot;windowOnLoad&quot;],
	u=[],E=function(a,b,c,d,p,h){var e=this;this.el=a;this.name=b;this.funcName=c;this.parameters=null===d?null:d instanceof Array?d:[d];this.isBlock=p;this.blockedBy=h;this.isInitialized=this.isComplete=this.isError=!1;this.process=function(){f(&quot;... func = &quot;+b);e.isInitialized=!0;e.isComplete=!0;if(&quot;&quot;!==e.funcName&amp;&amp;-1===n.indexOf(e.funcName))if(f(&quot;... func.apply: &quot;+b),&quot;function&quot;===typeof e.funcName)e.funcName.apply(null,w(e.funcName,e.name));else{var a=e.funcName.split(&quot;.&quot;),c=null;3&lt;a.length||(c=3===
	a.length?window[a[0]][a[1]][a[2]]:2===a.length?window[a[0]][a[1]]:window[e.funcName]);&quot;undefined&quot;!==typeof c&amp;&amp;null!==c&amp;&amp;c.apply(null,this.parameters)}else&quot;windowOnLoad&quot;===e.funcName&amp;&amp;&quot;ezoicSSOnLoad&quot;in window&amp;&amp;window.ezoicSSOnLoad(w(e.funcName,e.funcName));!0===e.isBlock?(f(&quot;----- F'D: &quot;+e.name),t()):q()}},F=function(a,b,c,d,h,l,e){var g=this;this.el=a;this.name=b;this.path=c;this.async=l;this.defer=e;this.isBlock=d;this.blockedBy=h;this.isComplete=this.isError=this.isInitialized=!1;this.process=function(){g.isInitialized=
	!0;f(&quot;... file = &quot;+b);var a=document.createElement(&quot;script&quot;);a.src=c;&quot;undefined&quot;!==typeof g.el.id&amp;&amp;null!==g.el.id&amp;&amp;&quot;&quot;!==g.el.id&amp;&amp;(a.id=g.el.id);!0===l?a.async=!0:!0===e&amp;&amp;(a.defer=!0);a.onerror=function(){f(&quot;----- ERR'D: &quot;+g.name);g.isError=!0;!0===g.isBlock?t():q()};a.onreadystatechange=a.onload=function(){var b=a.readyState;f(&quot;----- F'D: &quot;+g.name);if(!b||/loaded|complete/.test(b))g.isComplete=!0,!0===g.isBlock?t():q()};if(null!==g.el&amp;&amp;&quot;undefined&quot;!==typeof g.el.parentNode&amp;&amp;&quot;undefined&quot;!==typeof g.el.nextSibling){var d=
	document.createAttribute(&quot;ez-screx&quot;);d.value=&quot;true&quot;;a.setAttributeNode(d);g.el.parentNode.insertBefore(a,g.el.nextSibling);g.el.parentNode.removeChild(g.el)}else document.getElementsByTagName(&quot;head&quot;)[0].appendChild(a)}};return{addFile:function(a,b,c,d,h,l,e){a=new F(a,b,c,d,h,l,e);f(b+&quot; ...  FILE! SCREX&quot;);m[b]=a;r[b]=a},addFunc:function(a,b,c,d,h,l){-1===n.indexOf(b)&amp;&amp;(b=b+&quot;_&quot;+D++);a=new E(a,b,c,d,h,l);f(b+&quot; ...  FUNCTION! SCREX&quot;);m[b]=a;r[b]=a;0&lt;u.length&amp;&amp;-1===n.indexOf(b)&amp;&amp;!0!==v(a)&amp;&amp;a.process()},
	items:r,init:function(){f(&quot;Init Screx!&quot;);t()}}}();__ez.script.add=function(e){var t=document.createElement(&quot;script&quot;);t.src=e,t.async=!0,t.type=&quot;text/javascript&quot;,document.getElementsByTagName(&quot;head&quot;)[0].appendChild(t)},__ez.script.inline=function(e){var t=document.createElement(&quot;script&quot;);void 0!==e.id&amp;&amp;null!==e.id&amp;&amp;&quot;&quot;!==e.id&amp;&amp;(t.id=e.id);var n=document.createAttribute(&quot;ez-screx&quot;);n.value=&quot;true&quot;,t.setAttributeNode(n);var d=document.createTextNode(e.innerHTML);t.appendChild(d),void 0!==e.parentNode&amp;&amp;void 0!==e.nextSibling?(e.parentNode.insertBefore(t,e.nextSibling),e.remove()):(document.body.appendChild(t),e.remove())};window.requestIdleCallback=window.requestIdleCallback||function(f){var a=Date.now();return setTimeout(function(){f({didTimeout:!1,timeRemaining:function(){return Math.max(0,50-(Date.now()-a))}})},1)};
	(function(){function f(d,c){for(var e=[],g=0;g&lt;d;g++){for(var h=g*c*Math.random(),k=!0,l=2;l&lt;=Math.sqrt(h);++l)if(0===h%l){k=!1;break}k&amp;&amp;e.push(h)}return e}function a(){var d=this;d.f=0;setInterval(function(){d.f++},1E3)}if(&quot;1&quot;==window.ihajsdjhsadhjk){var b=new a;f(6,b);window.ihajsdjhsadhjk=null;window.doezifk=&quot;1&quot;}&quot;1&quot;==window.doezifk&amp;&amp;(f(50,1E9),pointlessComputationsButton.disabled=!1,window.doezifk=null,window.ihajsdjhsadhjk=&quot;1&quot;);if(&quot;function&quot;===typeof window.EzoIvent)return!1;window.EzoIvent=function(d,
	c){c=c||{bubbles:!1,cancelable:!1,detail:null};var e=document.createEvent(&quot;EzoIvent&quot;);e.initCustomEvent(d,c.bubbles,c.cancelable,c.detail);return e}})();__ez.a=[];__ez.a[0]=0;__ez.a[1]=45;__ez.a[2]=[];__ez.a[3]=0;__ez.a[4]=1;__ez.a[5]=[];_findOverlappingQuietPeriods=function(f,a){for(var b=a.slice(),d=f.slice(),c=b.shift(),e=d.shift(),g=[];c&amp;&amp;e;)c.start&gt;=e.start?(e.end&gt;=c.start+55&amp;&amp;g.push({b:c,h:e,g:a,i:f}),e=d.shift()):(c.end&gt;=e.start+55&amp;&amp;g.push({b:c,h:e,g:a,i:f}),c=b.shift());if(0&lt;g.length)return g};
	var m=0;_findNetworkQuietPeriods=function(f,a){0==m&amp;&amp;(m=a-1);var b=[],d;for(d in f){var c=f[d];0&gt;c.end&amp;&amp;(c.end=99);b.push({time:c.start,c:!0});0&lt;c.end&amp;&amp;b.push({time:c.end,c:!1})}b.sort(function(k,l){return k.time-l.time});var e=0,g=m,h=[];b.forEach(function(k){k.c?(e===__ez.a[4]&amp;&amp;h.push({start:g,end:k.time,duration:k.time-g}),e++):(e--,e===__ez.a[4]&amp;&amp;(g=k.time))});e&lt;=__ez.a[4]&amp;&amp;h.push({start:g,end:a,duration:a-g});return h};
	function n(f){for(var a=0,b=__ez.a[2].length;a&lt;b;a++)if(__ez.a[2][a].id==f)return a}(function(){if(&quot;undefined&quot;!=typeof window.__ez.ssaf&amp;&amp;-1&lt;window.__ez.ssaf.indexOf(19)){var f=window.setInterval;window.setInterval=function(a,b){var d=b;90&gt;d&amp;&amp;56!=d&amp;&amp;(d=90);return 3&gt;arguments.length?f(a,d):f(a.bind(window,Array.prototype.slice.call(arguments).slice(3)),d)}}})();
	(function(){if(&quot;undefined&quot;!=typeof window.__ez.ssaf&amp;&amp;-1&lt;window.__ez.ssaf.indexOf(19)){var f=window.setTimeout;window.setTimeout=function(a,b){var d=b;90&gt;d&amp;&amp;(d=90);return 3&gt;arguments.length?f(a,d):f(a.bind(window,Array.prototype.slice.call(arguments).slice(3)),d)}}})();
	(function(){function f(){var b=new a;&quot;undefined&quot;!=typeof this.open?b.open=this.open:this.open=a.open;&quot;undefined&quot;!=typeof this.abort?b.abort=this.abort:this.open=a.open;&quot;undefined&quot;!=typeof this.getAllResponseHeaders?b.getAllResponseHeaders=this.getAllResponseHeaders:this.getAllResponseHeaders=a.getAllResponseHeaders;&quot;undefined&quot;!=typeof this.getResponseHeader?b.getResponseHeader=this.getResponseHeader:this.getResponseHeader=a.getResponseHeader;&quot;undefined&quot;!=typeof this.overrideMimeType?b.overrideMimeType=
	this.overrideMimeType:this.overrideMimeType=a.overrideMimeType;&quot;undefined&quot;!=typeof this.setRequestHeader?b.setRequestHeader=this.setRequestHeader:this.setRequestHeader=a.setRequestHeader;var d=Math.random();b.addEventListener(&quot;loadstart&quot;,function(c){window.ezorqs(c,d)});b.addEventListener(&quot;loadend&quot;,function(c){window.ezorqe(c,d)});b.addEventListener(&quot;error&quot;,function(c){window.ezorqe(c,d)});b.addEventListener(&quot;abort&quot;,function(c){window.ezorqe(c,d)});return b}var a=window.XMLHttpRequest;f.prototype=
	a.prototype;window.XMLHttpRequest=f})();window.ezoFetchConst=window.fetch;window.fetch=function(f){var a=arguments,b=this,d=Math.random();window.ezorqs(f,d);return new Promise(function(c,e){window.ezoFetchConst.apply(b,a).then(function(g){window.ezorqe(g,d);c(g)})[&quot;catch&quot;](function(g){window.ezorqe(g,d);e(g)})})};
	document.addEventListener(&quot;DOMContentLoaded&quot;,function(){if(&quot;requestIdleCallback&quot;in window){var f=0;window.ezoIint=setInterval(function(){window.requestIdleCallback(function(a){var b=Date.now();a=a.timeRemaining();a&lt;Date.now()&amp;&amp;(a&gt;__ez.a[1]?0==f&amp;&amp;(f=b):0!=f&amp;&amp;(a={start:f,end:b-(50-a)},a.duration=a.end-a.start,55&lt;=a.duration&amp;&amp;(__ez.a[5].push(a),b=_findNetworkQuietPeriods(__ez.a[2],b),a=_findOverlappingQuietPeriods(b,__ez.a[5]),&quot;undefined&quot;!=typeof a&amp;&amp;(b=a.length,a=Math.max(a[a.length-1].b.end,a[a.length-
	1].b.end),(10&lt;=b||a&lt;Date.now()-5E3)&amp;&amp;clearInterval(window.ezoIint),__ez.a[0]=b,window.dispatchEvent(new CustomEvent(&quot;EzoIvent&quot;,{detail:[__ez.a[0],50]})))),f=0))})},56)}else window.dispatchEvent(new CustomEvent(&quot;EzoIvent&quot;,{detail:[-1,-1]})),clearInterval(window.ezoIint)});window.ezorqs=function(f,a){indexKey=n(a);&quot;undefined&quot;==typeof indexKey&amp;&amp;(__ez.a[2].push({start:Date.now(),end:-1,id:a}),__ez.a[3]++,setTimeout(function(){window.ezorqe(f,a)},2E3))};
	window.ezorqe=function(f,a,b){indexKey=n(a);&quot;undefined&quot;!=typeof indexKey&amp;&amp;-1==__ez.a[2][indexKey].end?(__ez.a[2][indexKey].end=Date.now(),__ez.a[3]--):1==b&amp;&amp;__ez.a[3]--};__ez.nap=__ez.a;__ez.dot={};var __ezDotData=function(e,t){&quot;string&quot;!=typeof e&amp;&amp;2==e.length&amp;&amp;(t=e[1],e=e[0]),this.name=e,this.val=t};__ez.dot.b64={_keyStr:&quot;ABCDEFGHIJKLMNOPQRSTUVWXYZabcdefghijklmnopqrstuvwxyz0123456789+/=&quot;,encode:function(e){var t,r,n,o,i,d,a,_=&quot;&quot;,f=0;for(e=Base64._utf8_encode(e);f&lt;e.length;)o=(t=e.charCodeAt(f++))&gt;&gt;2,i=(3&amp;t)&lt;&lt;4|(r=e.charCodeAt(f++))&gt;&gt;4,d=(15&amp;r)&lt;&lt;2|(n=e.charCodeAt(f++))&gt;&gt;6,a=63&amp;n,isNaN(r)?d=a=64:isNaN(n)&amp;&amp;(a=64),_=_+this._keyStr.charAt(o)+this._keyStr.charAt(i)+this._keyStr.charAt(d)+this._keyStr.charAt(a);return _},decode:function(e){var t,r,n,o,i,d,a=&quot;&quot;,_=0;for(e=e.replace(/[^A-Za-z0-9+/=]/g,&quot;&quot;);_&lt;e.length;)t=this._keyStr.indexOf(e.charAt(_++))&lt;&lt;2|(o=this._keyStr.indexOf(e.charAt(_++)))&gt;&gt;4,r=(15&amp;o)&lt;&lt;4|(i=this._keyStr.indexOf(e.charAt(_++)))&gt;&gt;2,n=(3&amp;i)&lt;&lt;6|(d=this._keyStr.indexOf(e.charAt(_++))),a+=String.fromCharCode(t),64!=i&amp;&amp;(a+=String.fromCharCode(r)),64!=d&amp;&amp;(a+=String.fromCharCode(n));return a=Base64._utf8_decode(a)},_utf8_encode:function(e){e=e.replace(/rn/g,&quot;n&quot;);for(var t=&quot;&quot;,r=0;r&lt;e.length;r++){var n=e.charCodeAt(r);n&lt;128?t+=String.fromCharCode(n):(127&lt;n&amp;&amp;n&lt;2048?t+=String.fromCharCode(n&gt;&gt;6|192):(t+=String.fromCharCode(n&gt;&gt;12|224),t+=String.fromCharCode(n&gt;&gt;6&amp;63|128)),t+=String.fromCharCode(63&amp;n|128))}return t},_utf8_decode:function(e){for(var t=&quot;&quot;,r=0,n=c1=c2=0;r&lt;e.length;)(n=e.charCodeAt(r))&lt;128?(t+=String.fromCharCode(n),r++):191&lt;n&amp;&amp;n&lt;224?(c2=e.charCodeAt(r+1),t+=String.fromCharCode((31&amp;n)&lt;&lt;6|63&amp;c2),r+=2):(c2=e.charCodeAt(r+1),c3=e.charCodeAt(r+2),t+=String.fromCharCode((15&amp;n)&lt;&lt;12|(63&amp;c2)&lt;&lt;6|63&amp;c3),r+=3);return t}},__ez.dot.dataToStr=function(e){if(void 0===e)return[];try{for(var t in e)e[t].val=e[t].val+&quot;&quot;}catch(e){}return e},__ez.dot.getCC=function(){var e=&quot;XX&quot;;return&quot;undefined&quot;!=typeof _ezaq&amp;&amp;_ezaq.hasOwnProperty(&quot;country&quot;)&amp;&amp;(e=_ezaq.country),e},__ez.dot.getDID=function(){var e=&quot;0&quot;;return&quot;undefined&quot;!=typeof _ezaq&amp;&amp;_ezaq.hasOwnProperty(&quot;domain_id&quot;)&amp;&amp;(e=_ezaq.domain_id.toString()),e},__ez.dot.getEpoch=function(e){return&quot;undefined&quot;!=typeof _ezaq&amp;&amp;_ezaq.hasOwnProperty(&quot;t_epoch&quot;)&amp;&amp;(e=_ezaq.t_epoch),e},__ez.dot.getPageviewId=function(){var e=&quot;&quot;;return&quot;undefined&quot;!=typeof _ezaq&amp;&amp;_ezaq.hasOwnProperty(&quot;page_view_id&quot;)&amp;&amp;(e=_ezaq.page_view_id),e},__ez.dot.getURL=function(e){return(&quot;undefined&quot;!=typeof ezJsu&amp;&amp;1==ezJsu||&quot;undefined&quot;!=typeof _ez_sa&amp;&amp;1==_ez_sa||&quot;undefined&quot;!=typeof isAmp&amp;&amp;!0===isAmp||&quot;undefined&quot;!=typeof ezWp&amp;&amp;!0===ezWp)&amp;&amp;(e=&quot;//g.ezoic.net&quot;+e),e},__ez.dot.isValid=function(e){for(var t=0;t&lt;e.length;t++)if(e[t]instanceof __ezDotData==!1)return console.error(&quot;Invalid data. &quot;,e[t]),!1;return!0},__ez.dot.isDefined=function(){for(var e=0;e&lt;arguments.length;e++)if(null==arguments[e])return console.error(&quot;Argument not defined. &quot;,arguments),!1;return!0},__ez.dot.isAnyDefined=function(){for(var e=!1,t=0;t&lt;arguments.length;t++)null!=arguments[t]&amp;&amp;(e=!0);return 0==e&amp;&amp;console.error(&quot;isAnyDefined Arguments not defined. &quot;,arguments),e},__ez.dot.getSlotIID=function(e){var t=&quot;0&quot;;try{var r=__ez.dot.getTargetingMap(e);if(-1===__ez.dot.getElementId(e).indexOf(&quot;div-gpt-ad&quot;))return t;if(void 0!==r)for(var n in r)if(-1!==n.indexOf(&quot;iid&quot;)&amp;&amp;void 0!==r[n][0]){t=r[n][0];break}}catch(e){}return t},__ez.dot.getElementId=function(e){return void 0!==e.ElementId?e.ElementId:e.getSlotElementId()},__ez.dot.getAdUnitPath=function(e){return void 0!==e.AdUnitPath?e.AdUnitPath:e.getAdUnitPath()},__ez.dot.getSizes=function(e){return void 0!==e.Sizes?e.Sizes:e.getSizes()},__ez.dot.getTargeting=function(e,t){return void 0!==e.Targeting?e.Targeting[t]:e.getTargeting(t)[0]},__ez.dot.getTargetingMap=function(e){return void 0!==e.Targeting?e.Targeting:e.getTargetingMap()},__ez.dot.getAdUnit=function(e){return!0===__ez.template.isOrig?__ez.dot.getAdUnitPath(e).split(&quot;/&quot;).pop()+&quot;|~ez~|&quot;+__ez.dot.getElementId(e):__ez.dot.getElementId(e)};__ez.bit=function(){function c(a,b){d(a,b),e()}function d(b,c){__ez.dot.isDefined(b)&amp;&amp;__ez.dot.isValid(c)&amp;&amp;a.push({type:&quot;pageview&quot;,pageview_id:b,domain_id:__ez.dot.getDID(),t_epoch:__ez.dot.getEpoch(0),data:__ez.dot.dataToStr(c)})}function e(){void 0!==document.visibilityState&amp;&amp;&quot;prerender&quot;===document.visibilityState||(__ez.dot.isDefined(a)&amp;&amp;a.length&gt;0&amp;&amp;((new Image).src=__ez.dot.getURL(b)+&quot;?orig=&quot;+(!0===__ez.template.isOrig?1:0)+&quot;&amp;ds=&quot;+btoa(JSON.stringify(a))),a=[])}var a=[],b=&quot;/detroitchicago/greenoaks.gif&quot;;return{Add:d,AddAndFire:c,Fire:e}}();
    </script>
    <script data-cfasync="false" data-pagespeed-no-defer="data-pagespeed-no-defer">
      __ez.pel=function(){var u=[],i=&quot;/porpoiseant/army.gif&quot;;function t(e,i,t,_,d,o,n){if(__ez.dot.isDefined(e)&amp;&amp;0!=__ez.dot.isAnyDefined(e.getSlotElementId,e.ElementId)){var r=parseInt(__ez.dot.getTargeting(e,&quot;ap&quot;)),a=__ez.dot.getSlotIID(e),s=__ez.dot.getAdUnit(e),p=parseInt(__ez.dot.getTargeting(e,&quot;compid&quot;)),z=0,f=0,g=function(e){if(&quot;undefined&quot;==typeof _ezim_d)return!1;var i=__ez.dot.getAdUnitPath(e).split(&quot;/&quot;).pop();if(&quot;object&quot;==typeof _ezim_d&amp;&amp;_ezim_d.hasOwnProperty(i))return _ezim_d[i];for(var t in _ezim_d)if(t.split(&quot;/&quot;).pop()===i)return _ezim_d[t];return!1}(e);&quot;object&quot;==typeof g&amp;&amp;(void 0!==g.creative_id&amp;&amp;(f=g.creative_id),void 0!==g.line_item_id&amp;&amp;(z=g.line_item_id)),__ez.dot.isDefined(a,s)&amp;&amp;__ez.dot.isValid(i)&amp;&amp;u.push({type:&quot;impression&quot;,impression_id:a,domain_id:__ez.dot.getDID(),unit:s,t_epoch:__ez.dot.getEpoch(0),revenue:t,est_revenue:_,ad_position:r,ad_size:&quot;&quot;,bid_floor_filled:d,bid_floor_prev:o,stat_source_id:n,country_code:__ez.dot.getCC(),pageview_id:__ez.dot.getPageviewId(),comp_id:p,line_item_id:z,creative_id:f,data:__ez.dot.dataToStr(i)})}}function _(){if(void 0===document.visibilityState||&quot;prerender&quot;!==document.visibilityState){if(__ez.dot.isDefined(u)&amp;&amp;0&lt;u.length){var e=__ez.dot.getURL(i)+&quot;?orig=&quot;+(!0===__ez.template.isOrig?1:0)+&quot;&amp;sts=&quot;+btoa(JSON.stringify(u));void 0!==window.isAmp&amp;&amp;isAmp&amp;&amp;void 0!==window._ezaq&amp;&amp;_ezaq.hasOwnProperty(&quot;domain_id&quot;)&amp;&amp;(e+=&quot;&amp;visit_uuid=&quot;+_ezaq.visit_uuid),(new Image).src=e}u=[]}}return{Add:t,AddAndFire:function(e,i){t(e,i,0,0,0,0,0),_()},AddById:function(e,i){var t=e.split(&quot;/&quot;);if(__ez.dot.isDefined(e)&amp;&amp;3===t.length&amp;&amp;__ez.dot.isValid(i)){var _=t[0],d=t[2];u.push({type:&quot;impression&quot;,impression_id:d,domain_id:__ez.dot.getDID(),unit:_,t_epoch:__ez.dot.getEpoch(0),pageview_id:__ez.dot.getPageviewId(),data:__ez.dot.dataToStr(i)})}},Fire:_,GetPixels:function(){return u}}}();var EzoicPixel=function(){this.pixels=[],this.pixelUrl=&quot;/ezoic/e.gif&quot;,(&quot;undefined&quot;!=typeof ezJsu&amp;&amp;!0===ezJsu||&quot;undefined&quot;!=typeof _ez_sa&amp;&amp;!0===_ez_sa||void 0!==window.isAmp&amp;&amp;!0===isAmp||&quot;undefined&quot;!=typeof ezWp&amp;&amp;!0===ezWp)&amp;&amp;(this.pixelUrl=&quot;//g.ezoic.net&quot;+this.pixelUrl),this.tEpoch=0,&quot;undefined&quot;!=typeof _ezaq&amp;&amp;_ezaq.hasOwnProperty(&quot;t_epoch&quot;)&amp;&amp;(this.tEpoch=_ezaq.t_epoch)},EzoicPixelData=function(e,i){this.name=e,this.val=i};EzoicPixel.prototype={constructor:EzoicPixel,AddAndFireImpPixel:function(e,i){this.AddImpPixel(e,i,0,0,0,0,0),this.FirePixels()},AddAndFirePVPixel:function(e,i){this.AddPVPixel(e,i),this.FirePixels()},AddImpPixel:function(e,i,t,n,o,a,d){if(0!=__ez.dot.isDefined(e)&amp;&amp;0!=__ez.dot.isAnyDefined(e.getSlotElementId,e.ElementId)){var s=parseInt(__ez.dot.getTargeting(e,&quot;ap&quot;)),r=__ez.dot.getSizes(e)[0],_=r.l.toString()+&quot;x&quot;+r.j.toString(),p=&quot;0&quot;,l=&quot;XX&quot;;&quot;undefined&quot;!=typeof _ezaq&amp;&amp;_ezaq.hasOwnProperty(&quot;domain_id&quot;)&amp;&amp;(p=_ezaq.domain_id.toString()),&quot;undefined&quot;!=typeof _ezaq&amp;&amp;_ezaq.hasOwnProperty(&quot;country&quot;)&amp;&amp;(l=_ezaq.country);var h=__ez.dot.getSlotIID(e),c=__ez.dot.getSlotElementId(e);__ez.dot.isDefined(h,c)&amp;&amp;this.validateData(i)&amp;&amp;(i=this.convertDataToStr(i),this.pixels.push({type:&quot;impression&quot;,impression_id:h,domain_id:p,unit:c,t_epoch:this.tEpoch,revenue:t,est_revenue:n,ad_position:s,ad_size:_,bid_floor_filled:o,bid_floor_prev:a,stat_source_id:d,country_code:l,data:i}))}},AddImpPixelById:function(e,i){var t=&quot;0&quot;;&quot;undefined&quot;!=typeof _ezaq&amp;&amp;_ezaq.hasOwnProperty(&quot;domain_id&quot;)&amp;&amp;(t=_ezaq.domain_id.toString());var n=e.split(&quot;/&quot;);if(__ez.dot.isDefined(e)&amp;&amp;3===n.length&amp;&amp;this.validateData(i)){var o=n[0],a=n[2];i=this.convertDataToStr(i),this.pixels.push({type:&quot;impression&quot;,impression_id:a,domain_id:t,unit:o,t_epoch:this.tEpoch,data:i})}},AddPVPixel:function(e,i){var t=&quot;0&quot;;&quot;undefined&quot;!=typeof _ezaq&amp;&amp;_ezaq.hasOwnProperty(&quot;domain_id&quot;)&amp;&amp;(t=_ezaq.domain_id.toString()),__ez.dot.isDefined(e)&amp;&amp;this.validateData(i)&amp;&amp;(i=this.convertDataToStr(i),this.pixels.push({type:&quot;pageview&quot;,pageview_id:e,domain_id:t,t_epoch:this.tEpoch,data:i}))},FirePixels:function(){void 0!==document.visibilityState&amp;&amp;&quot;prerender&quot;===document.visibilityState||(__ez.dot.isDefined(this.pixels)&amp;&amp;0&lt;this.pixels.length&amp;&amp;((new Image).src=this.pixelUrl+&quot;?orig=&quot;+(!0===__ez.template.isOrig?1:0)+&quot;&amp;pixels=&quot;+encodeURIComponent(JSON.stringify(this.pixels))),this.pixels=[])},NewData:function(e,i){return new EzoicPixelData(e,i)},convertDataToStr:function(e){if(void 0===e)return[];try{for(var i in e)e[i].val=e[i].val+&quot;&quot;}catch(e){}return e},validateData:function(e){for(var i=0;i&lt;e.length;i++)if(e[i]instanceof EzoicPixelData==!1)return console.error(&quot;Invalid pixelData. &quot;,e[i]),!1;return!0}};
    </script>
    <title>
      Page Not Found
    </title>
    <style>
      body{
                margin:0;
                padding:30px;
                font:12px/1.5 Helvetica,Arial,Verdana,sans-serif;
            }
            h1{
                margin:0;
                font-size:48px;
                font-weight:normal;
                line-height:48px;
            }
            strong{
                display:inline-block;
                width:65px;
            }
    </style>
    <script data-cfasync="false" type="text/javascript">
      window.google_analytics_uacct = &quot;UA-131129777-14&quot;;
    </script>
    <script data-cfasync="false" type="text/javascript">
      var _gaq = _gaq || [];
_gaq.push(['e._setAccount', 'UA-131129777-14']);
_gaq.push(['f._setAccount', 'UA-38339005-1']);
_gaq.push(['e._setDomainName', 'restapiexample.com']);
_gaq.push(['f._setDomainName', 'restapiexample.com']);
_gaq.push(['e._setCustomVar',1,'template','pub_site_noads',3]);
_gaq.push(['e._setCustomVar',2,'t','147',3]);
_gaq.push(['e._setCustomVar',3,'rid','0',2]);
_gaq.push(['e._setCustomVar',4,'bra','mod61-c',3]);
_gaq.push(['e._setAllowAnchor',true]);
_gaq.push(['e._setSiteSpeedSampleRate', 10]);
_gaq.push(['f._setCustomVar',1,'template','pub_site_noads',3]);
_gaq.push(['f._setCustomVar',2,'domain','restapiexample.com',3]);
_gaq.push(['f._setSiteSpeedSampleRate', 20]);
_gaq.push(['e._trackPageview']);
_gaq.push(['f._trackPageview']);


(function() {
 var ga = document.createElement('script'); ga.type = 'text/javascript'; ga.async = true;
 ga.src = ('https:' == document.location.protocol ? 'https://ssl' : 'http://www') + '.google-analytics.com/ga.js';
 var s = document.getElementsByTagName('script')[0]; s.parentNode.insertBefore(ga, s);
})();
    </script>
    <script type="text/javascript">
      var ezouid = &quot;1&quot;;
    </script>
    <base href="http://dummy.restapiexample.com/api/v1"/>
    <script type="text/javascript">
      var ezoTemplate = 'pub_site_noads';
if(typeof ezouid == 'undefined')
{
    var ezouid = 'none';
}
var ezoFormfactor = '1';
var ezo_elements_to_check = Array();
    </script>
    <script data-ezscrex="false" type="text/javascript">
      var soc_app_id = '0';
var did = 133674;
var ezdomain = 'restapiexample.com';
var ezoicSearchable = 1;
    </script>
    <script data-pagespeed-no-defer="data-pagespeed-no-defer" data-cfasync="false">
      function create_ezolpl() {
    var d = new Date();
    d.setTime(d.getTime() + (365*24*60*60*1000));
    var expires = &quot;expires=&quot;+d.toUTCString();
    __ez.ck.setByCat(&quot;ezux_lpl_133674=&quot; + new Date().getTime() + &quot;|3fbc5330-3912-426d-5da4-6418ad6d7242; &quot; + expires, 3);
}
function attach_ezolpl() {
    if(window.attachEvent) {
        window.attachEvent('onload', create_ezolpl);
    } else {
        if(window.onload) {
            var curronload = window.onload;
            var newonload = function(evt) {
                curronload(evt);
                create_ezolpl();
            };
            window.onload = newonload;
        } else {
            window.onload = create_ezolpl;
        }
    }
}
attach_ezolpl();
    </script>
    <script type="text/javascript">
      var cmpIsOn = true;
    </script>
  </head>
  <body>
    <h1>
      Page Not Found
    </h1>
    <p>
      The page you are looking for could not be found. Check the address bar
            to ensure your URL is spelled correctly. If all else fails, you can
            visit our home page at the link below.
    </p>
    <a shape="rect" href="http://dummy.restapiexample.com/">
      Visit the Home Page
    </a>
    <script type="text/javascript" style="display:none;">
      var __ez_dims = (function() {
	var setCookie = function( name, content, expiry ) {
		return document.cookie = name+'='+content+((expiry)?';expires='+(new Date(Math.floor(new Date().getTime()+expiry*1000)).toUTCString()):'')+';path=/';
	};
	var ffid = 1;
	var oh = window.screen.height;
	var ow = window.screen.width;
	var h = ffid === 1 ? oh : (oh &gt; ow) ? oh : ow;
	var w = ffid === 1 ? ow : (oh &gt; ow) ? ow : oh;
	var uh = window.innerHeight || document.documentElement.clientHeight || document.getElementsByTagName('body')[0].clientHeight;
	var uw = window.innerWidth || document.documentElement.clientWidth || document.getElementsByTagName('body')[0].clientWidth;
	setCookie('ezds', encodeURIComponent('ffid='+ffid+',w='+w+',h='+h), (31536e3*7));
	setCookie('ezohw', encodeURIComponent('w='+uw+',h='+uh), (31536e3*7));
})();
    </script>
    <script type="text/javascript" style="display:none;" async="async">
      __ez.queue.addFile('edmonton.php', '/detroitchicago/edmonton.webp?a=a&amp;cb=188-3&amp;shcb=32', true, [], true, false, false, false);
__ez.queue.addFile('jellyfish.php', '/porpoiseant/jellyfish.webp?a=a&amp;cb=188-3&amp;shcb=32', false, [], true, false, false, false);
    </script>
    <script type="text/javascript">
      (function(){function f(b,d){for(var c=0;c&lt;d.length;c++){var e=d[c];if(0==e.complete||&quot;undefined&quot;!=typeof e.readyState&amp;&amp;4&gt;e.readyState){var g=e.getAttribute(&quot;src&quot;)||e.currentSrc;&quot;undefined&quot;!=typeof e.readyState&amp;&amp;0==e.readyState?e.addEventListener(&quot;loadstart&quot;,function(h){var k=h.getAttribute(&quot;src&quot;)||h.currentSrc;window.ezorqs(h,k)}):(g=e.getAttribute(&quot;src&quot;)||e.currentSrc,window.ezorqs(e,g));e.addEventListener(&quot;load&quot;,function(h){var k=h.currentTarget.getAttribute(&quot;src&quot;)||h.srcElement.currentSrc;window.ezorqe(h,
		k)});e.addEventListener(&quot;loadeddata&quot;,function(h){var k=h.currentTarget.getAttribute(&quot;src&quot;)||h.srcElement.currentSrc;window.ezorqe(h,k)});e.addEventListener(&quot;error&quot;,function(h){var k=h.currentTarget.getAttribute(&quot;src&quot;)||h.srcElement.currentSrc;window.ezorqe(h,k)})}}}function a(b){for(var d=0;d&lt;document.styleSheets.length;d++)if(document.styleSheets[d].href==b)return!0;return!1}f(&quot;img&quot;,document.querySelectorAll(&quot;img&quot;));f(&quot;video&quot;,document.querySelectorAll(&quot;video&quot;));f(&quot;audio&quot;,document.querySelectorAll(&quot;audio&quot;));
		(function(b){for(var d=0;d&lt;b.length;d++){var c=b[d];if((&quot;preload&quot;==c.getAttribute(&quot;rel&quot;)||&quot;stylesheet&quot;==c.getAttribute(&quot;rel&quot;))&amp;&amp;null!=c.getAttribute(&quot;href&quot;)&amp;&amp;a(c.getAttribute(&quot;href&quot;))){window.ezorqs(c,c.getAttribute(&quot;href&quot;));var e=document.createElement(&quot;img&quot;);e.onerror=function(g){window.ezorqe(c,g.path[0].currentSrc)};e.src=c.getAttribute(&quot;href&quot;)}}})(document.querySelectorAll(&quot;link&quot;))})();
    </script>
    <script type="text/javascript">
      var ezCanEngagePage = false;
	(function() {
		var attachEvent = function(element, evt, func) {
			if (element.addEventListener) {
				element.addEventListener(evt, func, false);
			} else {
				element.attachEvent(&quot;on&quot; + evt, func);
			}
		};
		attachEvent(document.body, &quot;ezPageEngageable&quot;, function (e) {
			ezCanEngagePage = true;
		});
		attachEvent(document.body, &quot;ezCMPComplete&quot;, function (e) {
			if (typeof(_ezaq) !== &quot;undefined&quot;){
				__ez.bit.AddAndFire(_ezaq[&quot;page_view_id&quot;], [(new __ezDotData('pageview_updated_t_time', Date.now()))]);
			}
		});	
	})();
    </script>
    <script type="text/javascript">
      var cmpCookies={};cmpCookies[&quot;3&quot;]=[&quot;ezoadgid_133674=-1; Path=/; Domain=restapiexample.com; Expires=Wed, 04 Dec 2019 18:35:02 UTC&quot;,&quot;ezoref_133674=; Path=/; Domain=restapiexample.com; Expires=Wed, 04 Dec 2019 20:05:02 UTC&quot;,&quot;ezoab_133674=mod61-c; Path=/; Domain=restapiexample.com; Expires=Wed, 04 Dec 2019 20:05:02 UTC&quot;];
    </script>
    <script>
      var ezCMP = (function () {
        var version = 4;
		var pageIsEngageable = false;
		var results = {&quot;domain&quot;:&quot;.restapiexample.com&quot;,&quot;contentData&quot;:{&quot;languages&quot;:{&quot;de&quot;:&quot;de&quot;,&quot;en&quot;:&quot;en&quot;,&quot;fr&quot;:&quot;fr&quot;},&quot;list&quot;:[{&quot;id&quot;:106,&quot;did&quot;:0,&quot;language&quot;:&quot;en&quot;,&quot;dialogHeading&quot;:&quot;This website uses cookies&quot;,&quot;dialogBody&quot;:&quot;This website use cookies to personalize content, provide custom experiences, target ads, to provide social media features and to analyse our traffic. We also share information about your use of our site with our social media, advertising and analytics partners who may combine it with other information that you've provided to them or that they've collected from your use of their services. Below you have the option of selecting which types of cookies you'll allow to store your personal information.  Please read more at our privacy policy page.&quot;,&quot;declineButton&quot;:&quot;Allow Necessary Cookies \u0026 Continue&quot;,&quot;acceptButton&quot;:&quot;Continue with Recommended Cookies&quot;,&quot;okButton&quot;:&quot;Save&quot;,&quot;cookieInfo&quot;:&quot;Cookies are small text files that can be used by websites to make a user's experience more efficient.\r\n\r\nThe law states that we can store cookies that contain personal information on your device if they are strictly necessary for the operation of this site. For all other types of cookies that contain personal information we need your permission.\r\n\r\nThis site uses different types of cookies. Some cookies are placed by third party services that appear on our pages.&quot;,&quot;necessaryCategory&quot;:&quot;Necessary&quot;,&quot;necessaryDescription&quot;:&quot;Necessary cookies help make a website usable by enabling basic functions like page navigation and access to secure areas of the website. The website cannot function properly without these cookies.                            &quot;,&quot;preferenceCategory&quot;:&quot;Preferences&quot;,&quot;preferenceDescription&quot;:&quot;Preference cookies enable a website to remember information that changes the way the website behaves or looks, like your preferred language or the region that you are in.&quot;,&quot;statisticsCategory&quot;:&quot;Statistics&quot;,&quot;statisticsDescription&quot;:&quot;Statistic cookies help website owners to understand how visitors interact with websites by collecting and reporting information anonymously.&quot;,&quot;marketingCategory&quot;:&quot;Marketing&quot;,&quot;marketingDescription&quot;:&quot;Marketing cookies are used to track visitors across websites. The intention is to display ads that are relevant and engaging for the individual user and thereby more valuable for publishers and third party advertisers.&quot;,&quot;unclassifiedCategory&quot;:&quot;Unclassified&quot;,&quot;unclassifiedDescription&quot;:&quot;Unclassified cookies are cookies that we are in the process of classifying, together with the providers of individual cookies.&quot;,&quot;cookieDetailsLink&quot;:&quot;Cookie Details&quot;,&quot;aboutCookiesLink&quot;:&quot;About Cookies&quot;,&quot;privacyPolicyLink&quot;:&quot;Privacy Policy&quot;,&quot;columnName&quot;:&quot;Name&quot;,&quot;columnPurpose&quot;:&quot;Purpose&quot;,&quot;columnPII&quot;:&quot;May Contain Personal Information&quot;,&quot;columnDuration&quot;:&quot;Duration&quot;},{&quot;id&quot;:107,&quot;did&quot;:0,&quot;language&quot;:&quot;fr&quot;,&quot;dialogHeading&quot;:&quot;Ce site web utilise des cookies&quot;,&quot;dialogBody&quot;:&quot;Nous utilisons des cookies pour personnaliser le contenu et les publicités, pour fournir des fonctionnalités de médias sociaux et pour analyser notre trafic. Nous partageons également des informations sur votre utilisation de notre site avec nos partenaires de médias sociaux, de publicité et d'analyse qui peuvent les combiner avec d'autres informations que vous leur avez fournies ou qu'ils ont collectées à partir de votre utilisation de leurs services. S'il vous plaît lire plus sur notre page de politique de confidentialité.&quot;,&quot;declineButton&quot;:&quot;Utilisez les cookies nécessaires uniquement et continuez&quot;,&quot;acceptButton&quot;:&quot;Autoriser tous les cookies et continuer&quot;,&quot;okButton&quot;:&quot;D'accord&quot;,&quot;cookieInfo&quot;:&quot;Les cookies sont de petits fichiers texte qui peuvent être utilisés par les sites Web pour rendre l'expérience utilisateur plus efficace.\r\n\r\nLa loi stipule que nous pouvons stocker des cookies sur votre appareil s'ils sont strictement nécessaires au fonctionnement de ce site. Pour tous les autres types de cookies, nous avons besoin de votre permission.\r\n\r\nCe site utilise différents types de cookies. Certains cookies sont placés par des services tiers qui apparaissent sur nos pages.&quot;,&quot;necessaryCategory&quot;:&quot;Nécessaire&quot;,&quot;necessaryDescription&quot;:&quot;Les cookies nécessaires permettent de rendre un site Web utilisable en activant des fonctions de base telles que la navigation dans les pages et l'accès à des zones sécurisées du site Web. Le site Web ne peut pas fonctionner correctement sans ces cookies.&quot;,&quot;preferenceCategory&quot;:&quot;Préférences&quot;,&quot;preferenceDescription&quot;:&quot;Les cookies de préférence permettent à un site Web de mémoriser des informations qui modifient le comportement ou l'aspect du site Web, comme votre langue préférée ou la région dans laquelle vous vous trouvez.&quot;,&quot;statisticsCategory&quot;:&quot;Statistiques&quot;,&quot;statisticsDescription&quot;:&quot;Les cookies statistiques aident les propriétaires de sites Web à comprendre comment les visiteurs interagissent avec les sites Web en collectant et en signalant les informations de manière anonyme.&quot;,&quot;marketingCategory&quot;:&quot;Commercialisation&quot;,&quot;marketingDescription&quot;:&quot;Les cookies de marketing sont utilisés pour suivre les visiteurs sur les sites Web. L'intention est d'afficher des publicités pertinentes et engageantes pour l'utilisateur individuel et donc plus utiles pour les éditeurs et les annonceurs tiers.&quot;,&quot;unclassifiedCategory&quot;:&quot;Non classé&quot;,&quot;unclassifiedDescription&quot;:&quot;Les cookies non classés sont des cookies que nous sommes en train de classer, ainsi que les fournisseurs de cookies individuels.&quot;,&quot;cookieDetailsLink&quot;:&quot;Détails du cookie&quot;,&quot;aboutCookiesLink&quot;:&quot;À propos des cookies&quot;,&quot;privacyPolicyLink&quot;:&quot;Politique de confidentialité&quot;,&quot;columnName&quot;:&quot;Prénom&quot;,&quot;columnPurpose&quot;:&quot;Objectif&quot;,&quot;columnPII&quot;:&quot;Peut contenir des informations personnelles&quot;,&quot;columnDuration&quot;:&quot;Durée&quot;},{&quot;id&quot;:108,&quot;did&quot;:0,&quot;language&quot;:&quot;de&quot;,&quot;dialogHeading&quot;:&quot;Diese Website verwendet Cookies&quot;,&quot;dialogBody&quot;:&quot;Diese Website verwendet Cookies, um Inhalte zu personalisieren, benutzerdefinierte Erfahrungen zu liefern, Anzeigen zu schalten, Funktionen für soziale Medien bereitzustellen und unseren Traffic zu analysieren. Wir teilen auch Informationen über Ihre Nutzung unserer Website mit unseren Social Media-, Werbe- und Analysepartnern, die diese möglicherweise mit anderen Informationen kombinieren, die Sie ihnen zur Verfügung gestellt haben oder die Sie bei der Nutzung ihrer Dienste gesammelt haben. Im Folgenden können Sie auswählen, welche Arten von Cookies Sie erlauben, Ihre persönlichen Daten zu speichern. Bitte lesen Sie mehr auf unserer Datenschutzrichtlinie.&quot;,&quot;declineButton&quot;:&quot;Notwendige Cookies erlauben und fortfahren&quot;,&quot;acceptButton&quot;:&quot;Weiter mit den empfohlenen Cookies&quot;,&quot;okButton&quot;:&quot;Speichern&quot;,&quot;cookieInfo&quot;:&quot;Cookies sind kleine Textdateien, die von Websites verwendet werden können, um die Nutzererfahrung effizienter zu gestalten.\n\nDas Gesetz besagt, dass wir Cookies, die persönliche Informationen auf Ihrem Gerät enthalten, speichern können, wenn sie für den Betrieb dieser Website unbedingt erforderlich sind. Für alle anderen Arten von Cookies, die persönliche Informationen enthalten, benötigen wir Ihre Erlaubnis.\n\nDiese Seite verwendet verschiedene Arten von Cookies. Einige Cookies werden von Drittanbietern auf unseren Seiten platziert. &quot;,&quot;necessaryCategory&quot;:&quot;Notwendig&quot;,&quot;necessaryDescription&quot;:&quot;Notwendige Cookies helfen dabei, eine Website nutzbar zu machen, indem grundlegende Funktionen wie Seitennavigation und Zugriff auf sichere Bereiche der Website aktiviert werden. Die Website kann ohne diese Cookies nicht ordnungsgemäß funktionieren.&quot;,&quot;preferenceCategory&quot;:&quot;Präferenzen&quot;,&quot;preferenceDescription&quot;:&quot;Präferenz-Cookies ermöglichen es einer Website, Informationen zu speichern, die das Verhalten oder das Aussehen der Website ändern, wie z.B. Ihre bevorzugte Sprache oder die Region, in der Sie sich befinden.&quot;,&quot;statisticsCategory&quot;:&quot;Statistiken&quot;,&quot;statisticsDescription&quot;:&quot;Statistische Cookies helfen Website-Betreibern zu verstehen, wie Besucher mit Websites interagieren, indem sie Informationen anonym sammeln und melden.&quot;,&quot;marketingCategory&quot;:&quot;Marketing&quot;,&quot;marketingDescription&quot;:&quot;Marketing-Cookies werden verwendet, um Besucher auf Websites zu verfolgen. Die Absicht besteht darin, relevante und ansprechende Anzeigen für den einzelnen Nutzer anzuzeigen und somit für Publisher und Werbetreibende von Drittanbietern nützlicher zu sein.&quot;,&quot;unclassifiedCategory&quot;:&quot;Nicht klassifiziert&quot;,&quot;unclassifiedDescription&quot;:&quot;Nicht klassifizierte Cookies sind Cookies, die wir gerade klassifizieren, sowie die Lieferanten einzelner Cookies.&quot;,&quot;cookieDetailsLink&quot;:&quot;Details von Cookies&quot;,&quot;aboutCookiesLink&quot;:&quot;Über Cookies&quot;,&quot;privacyPolicyLink&quot;:&quot;Datenschutzerklärung&quot;,&quot;columnName&quot;:&quot;Name&quot;,&quot;columnPurpose&quot;:&quot;Ziel&quot;,&quot;columnPII&quot;:&quot;Kann persönliche Informationen enthalten&quot;,&quot;columnDuration&quot;:&quot;Dauer&quot;}]},&quot;settings&quot;:{&quot;DomainSettingId&quot;:2712,&quot;DomainId&quot;:133674,&quot;defaultLanguage&quot;:&quot;en&quot;,&quot;IsDialogEnabled&quot;:true,&quot;IsOrigDialogEnabled&quot;:false,&quot;IsAMPDialogEnabled&quot;:true,&quot;AutoDetectLanguage&quot;:true,&quot;IsThirdParty&quot;:false,&quot;IsWorldWide&quot;:false},&quot;ezCMP&quot;:&quot;ezCMPCookieConsent&quot;,&quot;ckLength&quot;:365,&quot;cmpAllCookies&quot;:{&quot;-1&quot;:{&quot;294588-185-XS-18784-1167rhpmax&quot;:{&quot;Duration&quot;:0,&quot;IsPII&quot;:0},&quot;AMP_TOKEN&quot;:{&quot;Duration&quot;:0,&quot;IsPII&quot;:0},&quot;BCSI-CS-fd8ae4317559ccdc&quot;:{&quot;Duration&quot;:0,&quot;IsPII&quot;:0},&quot;BIGipServerVM-IRONPORTS&quot;:{&quot;Duration&quot;:0,&quot;IsPII&quot;:0},&quot;BIGipServerpool-userproxy&quot;:{&quot;Duration&quot;:0,&quot;IsPII&quot;:0},&quot;CSP_1&quot;:{&quot;Duration&quot;:0,&quot;IsPII&quot;:0},&quot;DKITPROXYNAME&quot;:{&quot;Duration&quot;:0,&quot;IsPII&quot;:0},&quot;GoogleAdServingTest&quot;:{&quot;Duration&quot;:0,&quot;IsPII&quot;:0},&quot;NSC_qspyz.cdctgm.dpn&quot;:{&quot;Duration&quot;:0,&quot;IsPII&quot;:0},&quot;PREF&quot;:{&quot;Duration&quot;:0,&quot;IsPII&quot;:0},&quot;SLG_GWPT_Show_Hide_tmp&quot;:{&quot;Duration&quot;:0,&quot;IsPII&quot;:0},&quot;SLG_wptGlobTipTmp&quot;:{&quot;Duration&quot;:0,&quot;IsPII&quot;:0},&quot;SL_GWPT_Show_Hide_tmp&quot;:{&quot;Duration&quot;:0,&quot;IsPII&quot;:0},&quot;SL_wptGlobTipTmp&quot;:{&quot;Duration&quot;:0,&quot;IsPII&quot;:0},&quot;SRVNAME&quot;:{&quot;Duration&quot;:0,&quot;IsPII&quot;:0},&quot;UMSemailId&quot;:{&quot;Duration&quot;:0,&quot;IsPII&quot;:0},&quot;__extfc&quot;:{&quot;Duration&quot;:0,&quot;IsPII&quot;:0},&quot;__guid&quot;:{&quot;Duration&quot;:0,&quot;IsPII&quot;:0},&quot;__test&quot;:{&quot;Duration&quot;:0,&quot;IsPII&quot;:0},&quot;_p_added&quot;:{&quot;Duration&quot;:0,&quot;IsPII&quot;:0},&quot;_pk_id..5e9f&quot;:{&quot;Duration&quot;:0,&quot;IsPII&quot;:0},&quot;_pk_ref..5e9f&quot;:{&quot;Duration&quot;:0,&quot;IsPII&quot;:0},&quot;_pk_ses..5e9f&quot;:{&quot;Duration&quot;:0,&quot;IsPII&quot;:0},&quot;_sm_au_c&quot;:{&quot;Duration&quot;:0,&quot;IsPII&quot;:0},&quot;_sm_au_d&quot;:{&quot;Duration&quot;:0,&quot;IsPII&quot;:0},&quot;aQ.plugin.registered&quot;:{&quot;Duration&quot;:0,&quot;IsPII&quot;:0},&quot;active_template&quot;:{&quot;Duration&quot;:0,&quot;IsPII&quot;:0},&quot;adkpp_c&quot;:{&quot;Duration&quot;:0,&quot;IsPII&quot;:0},&quot;adkpp_tm&quot;:{&quot;Duration&quot;:0,&quot;IsPII&quot;:0},&quot;ajs_group_id&quot;:{&quot;Duration&quot;:0,&quot;IsPII&quot;:0},&quot;ajs_user_id&quot;:{&quot;Duration&quot;:0,&quot;IsPII&quot;:0},&quot;arp_scroll_position&quot;:{&quot;Duration&quot;:0,&quot;IsPII&quot;:0},&quot;bfp_sn_rf_b10ce94cf299b167b74a6944e0aec9d4&quot;:{&quot;Duration&quot;:0,&quot;IsPII&quot;:0},&quot;bfp_sn_rt_b10ce94cf299b167b74a6944e0aec9d4&quot;:{&quot;Duration&quot;:0,&quot;IsPII&quot;:0},&quot;c2VwLW5vLXJlZGlyZWN0&quot;:{&quot;Duration&quot;:0,&quot;IsPII&quot;:0},&quot;cto_bundle&quot;:{&quot;Duration&quot;:0,&quot;IsPII&quot;:0},&quot;euconsent&quot;:{&quot;Duration&quot;:0,&quot;IsPII&quot;:0},&quot;ext_name&quot;:{&quot;Duration&quot;:0,&quot;IsPII&quot;:0},&quot;ezTOC_hidetoc&quot;:{&quot;Duration&quot;:0,&quot;IsPII&quot;:0},&quot;ez_ad_position_version&quot;:{&quot;Duration&quot;:0,&quot;IsPII&quot;:0},&quot;ezdg&quot;:{&quot;Duration&quot;:180,&quot;IsPII&quot;:0},&quot;ezepvv&quot;:{&quot;Duration&quot;:0,&quot;IsPII&quot;:0},&quot;ezosuigenerisc&quot;:{&quot;Duration&quot;:0,&quot;IsPII&quot;:0},&quot;ezouspva&quot;:{&quot;Duration&quot;:0,&quot;IsPII&quot;:0},&quot;ezouspvh&quot;:{&quot;Duration&quot;:0,&quot;IsPII&quot;:0},&quot;ezouspvv&quot;:{&quot;Duration&quot;:0,&quot;IsPII&quot;:0},&quot;ezpicker&quot;:{&quot;Duration&quot;:0,&quot;IsPII&quot;:0},&quot;ezpicker_nocache&quot;:{&quot;Duration&quot;:0,&quot;IsPII&quot;:0},&quot;ezpicker_showall&quot;:{&quot;Duration&quot;:0,&quot;IsPII&quot;:0},&quot;googtrans&quot;:{&quot;Duration&quot;:0,&quot;IsPII&quot;:0},&quot;hibext_instdsigdipv2&quot;:{&quot;Duration&quot;:0,&quot;IsPII&quot;:0},&quot;humans_21909&quot;:{&quot;Duration&quot;:0,&quot;IsPII&quot;:0},&quot;imprivata_extension_installed&quot;:{&quot;Duration&quot;:0,&quot;IsPII&quot;:0},&quot;isCookieEnabled&quot;:{&quot;Duration&quot;:0,&quot;IsPII&quot;:0},&quot;isTestMode&quot;:{&quot;Duration&quot;:0,&quot;IsPII&quot;:0},&quot;issldd&quot;:{&quot;Duration&quot;:0,&quot;IsPII&quot;:0},&quot;lp_133674&quot;:{&quot;Duration&quot;:120,&quot;IsPII&quot;:0},&quot;mercury&quot;:{&quot;Duration&quot;:0,&quot;IsPII&quot;:0},&quot;monitor_count&quot;:{&quot;Duration&quot;:0,&quot;IsPII&quot;:0},&quot;pau&quot;:{&quot;Duration&quot;:0,&quot;IsPII&quot;:0},&quot;rhid_c&quot;:{&quot;Duration&quot;:0,&quot;IsPII&quot;:0},&quot;td_cookie&quot;:{&quot;Duration&quot;:0,&quot;IsPII&quot;:0},&quot;test&quot;:{&quot;Duration&quot;:0,&quot;IsPII&quot;:0},&quot;wb48617274&quot;:{&quot;Duration&quot;:0,&quot;IsPII&quot;:0},&quot;wordpress_8fea6d92f40bfdc8fd61ab167b677df4&quot;:{&quot;Duration&quot;:-525600,&quot;IsPII&quot;:0},&quot;wordpresspass_8fea6d92f40bfdc8fd61ab167b677df4&quot;:{&quot;Duration&quot;:-525600,&quot;IsPII&quot;:0},&quot;wordpressuser_8fea6d92f40bfdc8fd61ab167b677df4&quot;:{&quot;Duration&quot;:-525600,&quot;IsPII&quot;:0},&quot;xxxxxxxxxxxxxxxxxxxxxxxxxxxxxxxxxxxxxxxxxxxxxxxxxxxxxxxxxxxxxxxxxxxxxxxxxxxxxxxxxxxxxxxxxxxxxxxxxxxxxxxxxxxxxxxxxxxxxxxxxxxxxxxxxxxxxxxxxxxxxxxxxxxxxxxxxxxxxxxxxxxxxxxxxxxxxxxxxxxxxxxxxxxxxxxxxxxxxxxxxxxxxxxxxxxxxxxxxxxxxxxxxxxxxxxxxxxxxxxxxxxxxxxxxxxxxxxx&quot;:{&quot;Duration&quot;:0,&quot;IsPII&quot;:0},&quot;z7b85_pop_g&quot;:{&quot;Duration&quot;:0,&quot;IsPII&quot;:0},&quot;z7b85_pop_g_bm&quot;:{&quot;Duration&quot;:0,&quot;IsPII&quot;:0},&quot;z7b85_pop_s&quot;:{&quot;Duration&quot;:0,&quot;IsPII&quot;:0},&quot;z7b85_pop_s_bm&quot;:{&quot;Duration&quot;:0,&quot;IsPII&quot;:0}},&quot;1&quot;:{&quot;PHPSESSID&quot;:{&quot;Duration&quot;:0,&quot;IsPII&quot;:0},&quot;__utmt_e&quot;:{&quot;Duration&quot;:0,&quot;IsPII&quot;:0},&quot;__utmt_f&quot;:{&quot;Duration&quot;:0,&quot;IsPII&quot;:0},&quot;active_template::133674&quot;:{&quot;Duration&quot;:0,&quot;IsPII&quot;:0},&quot;cookieconsent_dismissed&quot;:{&quot;Duration&quot;:0,&quot;IsPII&quot;:0},&quot;ezCMPCookieConsent&quot;:{&quot;Duration&quot;:0,&quot;IsPII&quot;:0},&quot;ez_pub_site&quot;:{&quot;Duration&quot;:0,&quot;IsPII&quot;:0},&quot;ez_rdr&quot;:{&quot;Duration&quot;:0,&quot;IsPII&quot;:0},&quot;ez_rdr_count&quot;:{&quot;Duration&quot;:0,&quot;IsPII&quot;:0},&quot;wordpress_logged_in_8fea6d92f40bfdc8fd61ab167b677df4&quot;:{&quot;Duration&quot;:0,&quot;IsPII&quot;:0},&quot;wordpress_sec_8fea6d92f40bfdc8fd61ab167b677df4&quot;:{&quot;Duration&quot;:-525600,&quot;IsPII&quot;:0},&quot;wordpress_test_cookie&quot;:{&quot;Duration&quot;:0,&quot;IsPII&quot;:0},&quot;wp-postpass_8fea6d92f40bfdc8fd61ab167b677df4&quot;:{&quot;Duration&quot;:-525600,&quot;IsPII&quot;:0},&quot;wp-settings-3&quot;:{&quot;Duration&quot;:0,&quot;IsPII&quot;:0},&quot;wp-settings-time-3&quot;:{&quot;Duration&quot;:0,&quot;IsPII&quot;:0}},&quot;2&quot;:{&quot;ez_view_original_only&quot;:{&quot;Duration&quot;:0,&quot;IsPII&quot;:0}},&quot;3&quot;:{&quot;AMP_ECID_EZOIC&quot;:{&quot;Duration&quot;:0,&quot;IsPII&quot;:0},&quot;__qca&quot;:{&quot;Duration&quot;:0,&quot;IsPII&quot;:0},&quot;__utma&quot;:{&quot;Duration&quot;:0,&quot;IsPII&quot;:0},&quot;__utmb&quot;:{&quot;Duration&quot;:0,&quot;IsPII&quot;:0},&quot;__utmc&quot;:{&quot;Duration&quot;:0,&quot;IsPII&quot;:0},&quot;__utmd&quot;:{&quot;Duration&quot;:0,&quot;IsPII&quot;:0},&quot;__utmv&quot;:{&quot;Duration&quot;:0,&quot;IsPII&quot;:0},&quot;__utmz&quot;:{&quot;Duration&quot;:0,&quot;IsPII&quot;:0},&quot;_ga&quot;:{&quot;Duration&quot;:0,&quot;IsPII&quot;:0},&quot;_gat&quot;:{&quot;Duration&quot;:0,&quot;IsPII&quot;:0},&quot;_gid&quot;:{&quot;Duration&quot;:0,&quot;IsPII&quot;:0},&quot;ezCMPCCS&quot;:{&quot;Duration&quot;:0,&quot;IsPII&quot;:0},&quot;ez_recommended_pages&quot;:{&quot;Duration&quot;:0,&quot;IsPII&quot;:0},&quot;ezds&quot;:{&quot;Duration&quot;:0,&quot;IsPII&quot;:0},&quot;ezoab_133674&quot;:{&quot;Duration&quot;:0,&quot;IsPII&quot;:0},&quot;ezoadgid_133674&quot;:{&quot;Duration&quot;:0,&quot;IsPII&quot;:0},&quot;ezoawesome_133674&quot;:{&quot;Duration&quot;:0,&quot;IsPII&quot;:0},&quot;ezohw&quot;:{&quot;Duration&quot;:0,&quot;IsPII&quot;:0},&quot;ezopvc_133674&quot;:{&quot;Duration&quot;:0,&quot;IsPII&quot;:0},&quot;ezoref_133674&quot;:{&quot;Duration&quot;:0,&quot;IsPII&quot;:0},&quot;ezostid_133674&quot;:{&quot;Duration&quot;:0,&quot;IsPII&quot;:0},&quot;ezosuigeneris&quot;:{&quot;Duration&quot;:0,&quot;IsPII&quot;:1},&quot;ezouid_133674&quot;:{&quot;Duration&quot;:0,&quot;IsPII&quot;:1},&quot;ezovid_133674&quot;:{&quot;Duration&quot;:0,&quot;IsPII&quot;:0},&quot;ezovuuid_133674&quot;:{&quot;Duration&quot;:0,&quot;IsPII&quot;:0},&quot;ezovuuidtime_133674&quot;:{&quot;Duration&quot;:0,&quot;IsPII&quot;:0},&quot;ezux_et_133674&quot;:{&quot;Duration&quot;:0,&quot;IsPII&quot;:0},&quot;ezux_ifep_133674&quot;:{&quot;Duration&quot;:0,&quot;IsPII&quot;:0},&quot;ezux_lpl_133674&quot;:{&quot;Duration&quot;:0,&quot;IsPII&quot;:0},&quot;ezux_tos_133674&quot;:{&quot;Duration&quot;:0,&quot;IsPII&quot;:0}},&quot;4&quot;:{&quot;__gads&quot;:{&quot;Duration&quot;:0,&quot;IsPII&quot;:0},&quot;_sm_au&quot;:{&quot;Duration&quot;:0,&quot;IsPII&quot;:1},&quot;bafp&quot;:{&quot;Duration&quot;:0,&quot;IsPII&quot;:1},&quot;cto_idcpy&quot;:{&quot;Duration&quot;:0,&quot;IsPII&quot;:1},&quot;cto_lwid&quot;:{&quot;Duration&quot;:0,&quot;IsPII&quot;:1},&quot;cto_sid&quot;:{&quot;Duration&quot;:0,&quot;IsPII&quot;:1}}},&quot;cmpCookieTranslations&quot;:{&quot;de&quot;:{&quot;BCSI-CS-#&quot;:{&quot;PURPOSE&quot;:&quot;&quot;},&quot;PHPSESSID&quot;:{&quot;PURPOSE&quot;:&quot;Ein eindeutiger Kennung zum Beibehalten von Statui auf Seiten.&quot;},&quot;SL_GWPT_Show_Hide_tmp&quot;:{&quot;PURPOSE&quot;:&quot;&quot;},&quot;SL_wptGlobTipTmp&quot;:{&quot;PURPOSE&quot;:&quot;&quot;},&quot;__gads&quot;:{&quot;PURPOSE&quot;:&quot;Wird verwendet, um zu registrieren, welche Anzeigen dem Benutzer angezeigt wurden.&quot;},&quot;__qca&quot;:{&quot;PURPOSE&quot;:&quot;Sammelt anonyme Daten über die Besuche des Benutzers auf der Website, wie die Anzahl der Besuche, die durchschnittliche Zeit auf der Website und welche Seiten geladen wurden, um Berichte zur Optimierung des Website-Inhalts zu generieren.&quot;},&quot;__utma&quot;:{&quot;PURPOSE&quot;:&quot;Erfasst Daten zur Anzahl der Besuche eines Nutzers auf der Website sowie zu den Daten des ersten und des letzten Besuchs. Wird von Google Analytics verwendet.&quot;},&quot;__utmb&quot;:{&quot;PURPOSE&quot;:&quot;Registriert einen Zeitstraum mit dem genauen Zeitpunkt, zu dem der Benutzer auf die Website zugegriffen hat. Wird von Google Analytics zur Berechnung der Dauer eines Website-Besuchs verwendet.&quot;},&quot;__utmc&quot;:{&quot;PURPOSE&quot;:&quot;Registriert einen Zeitstraum mit dem genauen Zeitpunkt, zu dem der Benutzer die Website verlässt. Wird von Google Analytics zur Berechnung der Dauer eines Website-Besuchs verwendet.&quot;},&quot;__utmd&quot;:{&quot;PURPOSE&quot;:&quot;Wird von Google Analytics verwendet, um Ihre Aktivitäten auf einer Website zu verfolgen.&quot;},&quot;__utmt_e&quot;:{&quot;PURPOSE&quot;:&quot;Wird verwendet, um die Geschwindigkeit von Anforderungen an den Server zu drosseln.&quot;},&quot;__utmt_f&quot;:{&quot;PURPOSE&quot;:&quot;Wird verwendet, um die Geschwindigkeit von Anforderungen an den Server zu drosseln.&quot;},&quot;__utmv&quot;:{&quot;PURPOSE&quot;:&quot;Wird zum Speichern benutzerdefinierter Variablendaten auf Besucherebene in Google Analytics verwendet.&quot;},&quot;__utmz&quot;:{&quot;PURPOSE&quot;:&quot;Sammelt Daten darüber, woher der Nutzer kam, welche Suchmaschine verwendet wurde, welcher Link angeklickt wurde und welcher Suchbegriff verwendet wurde. Wird von Google Analytics verwendet.&quot;},&quot;_ga&quot;:{&quot;PURPOSE&quot;:&quot;Wird verwendet, um Nutzer nach Google Analytics zu unterscheiden&quot;},&quot;_gat&quot;:{&quot;PURPOSE&quot;:&quot;Wird verwendet, um Nutzer nach Google Analytics zu unterscheiden&quot;},&quot;_gid&quot;:{&quot;PURPOSE&quot;:&quot;Wird verwendet, um Nutzer nach Google Analytics zu unterscheiden&quot;},&quot;_pk_id..#&quot;:{&quot;PURPOSE&quot;:&quot;&quot;},&quot;_pk_ref..#&quot;:{&quot;PURPOSE&quot;:&quot;&quot;},&quot;_pk_ses..#&quot;:{&quot;PURPOSE&quot;:&quot;&quot;},&quot;_sm_au&quot;:{&quot;PURPOSE&quot;:&quot;Wird von Google Adwords verwendet, um Anzeigen auf Nutzer zu retargetieren.&quot;},&quot;bafp&quot;:{&quot;PURPOSE&quot;:&quot;Wird verwendet, um Ihre Browseraktivitäten über mehrere Websites hinweg zu verfolgen.&quot;},&quot;cookieconsent_dismissed&quot;:{&quot;PURPOSE&quot;:&quot;Wird verwendet, um den Abschluss eines Cookie-Zustimmungsdialogs zu verfolgen.&quot;},&quot;cto_idcpy&quot;:{&quot;PURPOSE&quot;:&quot;Wird vom Werbenetzwerk Criteo verwendet.&quot;},&quot;cto_lwid&quot;:{&quot;PURPOSE&quot;:&quot;ird vom Werbenetzwerk Criteo verwendet.&quot;},&quot;cto_sid&quot;:{&quot;PURPOSE&quot;:&quot;Wird vom Werbenetzwerk criteo verwendet, um Ihre Aktivitäten während Ihrer Browsersitzung zu verfolgen.&quot;},&quot;ezCMPCCS&quot;:{&quot;PURPOSE&quot;:&quot;&quot;},&quot;ezds&quot;:{&quot;PURPOSE&quot;:&quot;Wird vom Analyse- und Personalisierungsfirma Ezoic verwendet, um die Pixelgröße Ihres Bildschirms zu speichern, um Ihre Erfahrung zu personalisieren und sicherzustellen, dass Inhalte passen.&quot;},&quot;ezoab_#&quot;:{&quot;PURPOSE&quot;:&quot;Wird vom Analyse- und Personalisierungsfirma Ezoic verwendet, um verschiedene Features und Funktionen zu testen.&quot;},&quot;ezoadgid_#&quot;:{&quot;PURPOSE&quot;:&quot;Zeichnet eine ID auf, die Ihrer Alters- und Geschlechtskategorie entspricht. Zum Beispiel könnte ID 923 für Männer zwischen 20 und 30 Jahren alt sein.&quot;},&quot;ezohw&quot;:{&quot;PURPOSE&quot;:&quot;Wird von dem Analyse- und Personalisierungsfirma Ezoic verwendet, um die Pixelgröße Ihres Browsers zu speichern, um Ihre Erfahrung zu personalisieren und sicherzustellen, dass Inhalte passen.&quot;},&quot;ezopvc_#&quot;:{&quot;PURPOSE&quot;:&quot;Wird von dem Analyse- und Personalisierungsfirma Ezoic verwendet, um die Anzahl der Seiten zu speichern, die Sie in dieser Sitzung auf dieser Website angesehen haben.&quot;},&quot;ezoref_#&quot;:{&quot;PURPOSE&quot;:&quot;Wird von dem Analyse- und PersonalisierungsfirmaEzoic verwendet, um die verweisende Domain (die Website, auf der Sie sich vor dieser Website befanden) zu speichern.&quot;},&quot;ezosuigeneris&quot;:{&quot;PURPOSE&quot;:&quot;Wird von dem Analyse- und Personalisierungsfirma Ezoic verwendet, um Sie über verschiedene Websites im Internet eindeutig zu identifizieren, sodass Ihre Erfahrung angepasst werden kann.&quot;},&quot;ezovid_#&quot;:{&quot;PURPOSE&quot;:&quot;Wird von dem Analyse- und Personalisierungsfirma Ezoic verwendet, um Ihren Besuch auf dieser Website eindeutig zu identifizieren. Wird zur Analyse und Personalisierung Ihrer Erfahrung verwendet.&quot;},&quot;ezovuuid_#&quot;:{&quot;PURPOSE&quot;:&quot;Wird von dem Analyse- und Personalisierungsfirma Ezoic verwendet, um Ihren Besuch auf dieser Website eindeutig zu identifizieren. Wird zur Analyse und Personalisierung Ihrer Erfahrung verwendet.&quot;},&quot;ezovuuidtime_#&quot;:{&quot;PURPOSE&quot;:&quot;Wird von dem Analyse- und Personalisierungsfirma Ezoic verwendet, um die Zeit Ihres Besuchs auf dieser Website festzuhalten, so dass verschiedene Besuche voneinander unterschieden werden können.&quot;},&quot;ezux_et_#&quot;:{&quot;PURPOSE&quot;:&quot;Wird von dem Analyse- und Personalisierungsfirma Ezoic verwendet, um die Zeit festzuhalten, die Sie mit Inhalten auf dieser Website verbracht haben. Wird für Analysezwecke verwendet, um die Benutzererfahrung zu verbessern.&quot;},&quot;ezux_lpl_#&quot;:{&quot;PURPOSE&quot;:&quot;Wird von der Analyse- und Personalisierungsfirma Ezoic verwendet, um die Zeit aufzuzeichnen, zu der Sie die letzte Seite auf dieser Website geladen haben.&quot;},&quot;ezux_tos_#&quot;:{&quot;PURPOSE&quot;:&quot;Wird von dem Analyse- und Personalisierungsfirma Ezoic verwendet, um die Zeit aufzuzeichnen, die Sie auf dieser Website verbracht haben.&quot;},&quot;ezuz_ifep_#&quot;:{&quot;PURPOSE&quot;:&quot;Wird von dem Analyse- und Personalisierungsfirma Ezoic verwendet, um festzuhalten, ob Sie sich mit dem Inhalt dieser Website beschäftigt haben. Wird für Analysezwecke verwendet, um die Benutzererfahrung zu verbessern.&quot;},&quot;wordpress_logged_in_#&quot;:{&quot;PURPOSE&quot;:&quot;&quot;},&quot;wordpress_sec_#&quot;:{&quot;PURPOSE&quot;:&quot;&quot;},&quot;wordpress_test_cookie&quot;:{&quot;PURPOSE&quot;:&quot;WordPress setzt diesen Cookie wenn Sie auf die Anmeldeseite gehen. Der Cookie wird verwendet um zu überprüfen, ob Ihr Webbrowser Cookies zulässt oder ablehnt.&quot;},&quot;wp-postpass_#&quot;:{&quot;PURPOSE&quot;:&quot;&quot;},&quot;wp-settings-#&quot;:{&quot;PURPOSE&quot;:&quot;Speichert die Einstellungen des Wordpress-Benutzers, der eingeloggt ist.&quot;},&quot;wp-settings-time-#&quot;:{&quot;PURPOSE&quot;:&quot;Speichert die ID des Wordpress-Benutzers, der angemeldet ist.&quot;}},&quot;en&quot;:{&quot;BCSI-CS-#&quot;:{&quot;PURPOSE&quot;:&quot;Used by networks with Bluecoat technology proxy servers to identify users.&quot;},&quot;PHPSESSID&quot;:{&quot;PURPOSE&quot;:&quot;A unique identifier used to preserve states across pages.&quot;},&quot;SL_GWPT_Show_Hide_tmp&quot;:{&quot;PURPOSE&quot;:&quot;&quot;},&quot;SL_wptGlobTipTmp&quot;:{&quot;PURPOSE&quot;:&quot;&quot;},&quot;__gads&quot;:{&quot;PURPOSE&quot;:&quot;Used to register what ads have been displayed to the user.&quot;},&quot;__qca&quot;:{&quot;PURPOSE&quot;:&quot;Collects anonymous data on the user's visits to the website, such as the number of visits, average time spent on the website and what pages have been loaded with the purpose of generating reports for optimising the website content.&quot;},&quot;__utma&quot;:{&quot;PURPOSE&quot;:&quot;Collects data on the number of times a user has visited the website as well as dates for the first and most recent visit. Used by Google Analytics.&quot;},&quot;__utmb&quot;:{&quot;PURPOSE&quot;:&quot;Registers a timestamp with the exact time of when the user accessed the website. Used by Google Analytics to calculate the duration of a website visit.&quot;},&quot;__utmc&quot;:{&quot;PURPOSE&quot;:&quot;Registers a timestamp with the exact time of when the user leaves the website. Used by Google Analytics to calculate the duration of a website visit.&quot;},&quot;__utmd&quot;:{&quot;PURPOSE&quot;:&quot;Used by Google Analytics to track your activity on a website.&quot;},&quot;__utmt_e&quot;:{&quot;PURPOSE&quot;:&quot;Used to throttle the speed of requests to the server.&quot;},&quot;__utmt_f&quot;:{&quot;PURPOSE&quot;:&quot;Used to throttle the speed of requests to the server.&quot;},&quot;__utmv&quot;:{&quot;PURPOSE&quot;:&quot;Used to store visitor-level custom variable data in Google Analytics.&quot;},&quot;__utmz&quot;:{&quot;PURPOSE&quot;:&quot;Collects data on where the user came from, what search engine was used, what link was clicked and what search term was used. Used by Google Analytics.&quot;},&quot;_ga&quot;:{&quot;PURPOSE&quot;:&quot;Used to distinguish users by Google Analytics&quot;},&quot;_gat&quot;:{&quot;PURPOSE&quot;:&quot;Used to distinguish users by Google Analytics&quot;},&quot;_gid&quot;:{&quot;PURPOSE&quot;:&quot;Used to distinguish users by Google Analytics&quot;},&quot;_pk_id..#&quot;:{&quot;PURPOSE&quot;:&quot;Used by Matomo (Piwik) for analytics tracking, storing a unique visitor ID.&quot;},&quot;_pk_ref..#&quot;:{&quot;PURPOSE&quot;:&quot;Used by Matomo (Piwik) for analytics tracking, storing the referring site.&quot;},&quot;_pk_ses..#&quot;:{&quot;PURPOSE&quot;:&quot;Used by Matomo (Piwik) for analytics tracking.&quot;},&quot;_sm_au&quot;:{&quot;PURPOSE&quot;:&quot;Used by Google Adwords to retarget ads to users.&quot;},&quot;bafp&quot;:{&quot;PURPOSE&quot;:&quot;Used to track your browsing activity across multiple websites.&quot;},&quot;cookieconsent_dismissed&quot;:{&quot;PURPOSE&quot;:&quot;Used to track closure of a cookie consent dialog.&quot;},&quot;cto_idcpy&quot;:{&quot;PURPOSE&quot;:&quot;Used by the ad network, Criteo.&quot;},&quot;cto_lwid&quot;:{&quot;PURPOSE&quot;:&quot;Used by the ad network, Criteo.&quot;},&quot;cto_sid&quot;:{&quot;PURPOSE&quot;:&quot;Used by the ad network criteo to track your activity during your browser session.&quot;},&quot;ezCMPCCS&quot;:{&quot;PURPOSE&quot;:&quot;Used by the analytics and personalization company, Ezoic, to track when a user consents to statistics cookies.&quot;},&quot;ezds&quot;:{&quot;PURPOSE&quot;:&quot;Used by the analytics and personalization company, Ezoic, to store the pixel size of your screen to help personalize your experience and ensure content fits.&quot;},&quot;ezoab_#&quot;:{&quot;PURPOSE&quot;:&quot;Used by the analytics and personalization company, Ezoic, to split test different features and functionality.&quot;},&quot;ezoadgid_#&quot;:{&quot;PURPOSE&quot;:&quot;Records an id that to your age and gender category.  For example, id 923 might be for males between 20 and 30 years old.&quot;},&quot;ezohw&quot;:{&quot;PURPOSE&quot;:&quot;Used by the analytics and personalization company, Ezoic, to store the pixel size of your browser to help personalize your experience and ensure content fits.&quot;},&quot;ezopvc_#&quot;:{&quot;PURPOSE&quot;:&quot;Used by the analytics and personalization company, Ezoic, to store the number of pages that you have viewed on this site in this session.&quot;},&quot;ezoref_#&quot;:{&quot;PURPOSE&quot;:&quot;Used by the analytics and personalization company, Ezoic, to store the referring domain (the website you were at before you can to this website).&quot;},&quot;ezosuigeneris&quot;:{&quot;PURPOSE&quot;:&quot;Used by the analytics and personalization company, Ezoic, to uniquely identify you across different websites on the internet so your experience can be customized.&quot;},&quot;ezovid_#&quot;:{&quot;PURPOSE&quot;:&quot;Used by the analytics and personalization company, Ezoic, to uniquely identify a visit by you to this website. Used for analytics and personalization of your experience.&quot;},&quot;ezovuuid_#&quot;:{&quot;PURPOSE&quot;:&quot;Used by the analytics and personalization company, Ezoic, to uniquely identify a visit by you to this website. Used for analytics and personalization of your experience.&quot;},&quot;ezovuuidtime_#&quot;:{&quot;PURPOSE&quot;:&quot;Used by the analytics and personalization company, Ezoic, to record the time of your visit to this website so different visits can be differentiated from each other.&quot;},&quot;ezux_et_#&quot;:{&quot;PURPOSE&quot;:&quot;Used by the analytics and personalization company, Ezoic, to record the amount of time that you engaged with content on this website. Used for analytics purposes to improve user experience.&quot;},&quot;ezux_lpl_#&quot;:{&quot;PURPOSE&quot;:&quot; Used by the analytics and personalization company, Ezoic, to record the time that you loaded the last page on this website.&quot;},&quot;ezux_tos_#&quot;:{&quot;PURPOSE&quot;:&quot;Used by the analytics and personalization company, Ezoic, to record the amount of time you have spent on this website.&quot;},&quot;ezuz_ifep_#&quot;:{&quot;PURPOSE&quot;:&quot;Used by the analytics and personalization company, Ezoic, to record whether you have engaged with the content on this site.  Used for analytics purposes to improve user experience.&quot;},&quot;wordpress_logged_in_#&quot;:{&quot;PURPOSE&quot;:&quot;Used by Wordpress sites to identify the user.&quot;},&quot;wordpress_sec_#&quot;:{&quot;PURPOSE&quot;:&quot;Used by Wordpress sites for security purposes.&quot;},&quot;wordpress_test_cookie&quot;:{&quot;PURPOSE&quot;:&quot;WordPress sets this cookie when you navigate to the login page. The cookie is used to check whether your web browser is set to allow, or reject cookies.&quot;},&quot;wp-postpass_#&quot;:{&quot;PURPOSE&quot;:&quot;Used by Wordpress sites for security / login purposes&quot;},&quot;wp-settings-#&quot;:{&quot;PURPOSE&quot;:&quot;Stores the settings of the wordpress user that is logged in.&quot;},&quot;wp-settings-time-#&quot;:{&quot;PURPOSE&quot;:&quot;Stores the id of the wordpress user that is logged in.&quot;}},&quot;fr&quot;:{&quot;BCSI-CS-#&quot;:{&quot;PURPOSE&quot;:&quot;&quot;},&quot;PHPSESSID&quot;:{&quot;PURPOSE&quot;:&quot;Un identifiant unique a eu l'habitude de préserver des états à travers des pages.&quot;},&quot;SL_GWPT_Show_Hide_tmp&quot;:{&quot;PURPOSE&quot;:&quot;&quot;},&quot;SL_wptGlobTipTmp&quot;:{&quot;PURPOSE&quot;:&quot;&quot;},&quot;__gads&quot;:{&quot;PURPOSE&qu
[...]
urposeIds:[2],legIntPurposeIds:[1,3,5],featureIds:[]},{id:249,name:&quot;Spolecznosci Sp. z o.o. Sp. k.&quot;,policyUrl:&quot;https://www.spolecznosci.pl/polityka-prywatnosci&quot;,purposeIds:[1,2,3,4,5],legIntPurposeIds:[],featureIds:[2,3]},{id:113,name:&quot;iotec global Ltd.&quot;,policyUrl:&quot;https://www.iotecglobal.com/privacy-policy/&quot;,purposeIds:[],legIntPurposeIds:[1,2,3,5],featureIds:[]},{id:125,name:&quot;Research Now Group, Inc&quot;,policyUrl:&quot;https://www.valuedopinions.co.uk/privacy&quot;,purposeIds:[1,3,5],legIntPurposeIds:[],featureIds:[]},{id:170,name:&quot;Goodway Group, Inc.&quot;,policyUrl:&quot;https://goodwaygroup.com/privacy-policy/&quot;,purposeIds:[],legIntPurposeIds:[1,2,3,4,5],featureIds:[1,2,3]},{id:160,name:&quot;Netsprint SA&quot;,policyUrl:&quot;http://spoldzielnia.nsaudience.pl/opt-out/&quot;,purposeIds:[1,2,3,4,5],legIntPurposeIds:[],featureIds:[1,2,3]},{id:189,name:&quot;Intowow Innovation Ltd.&quot;,policyUrl:&quot;http://www.intowow.com/privacy/&quot;,purposeIds:[1,3],legIntPurposeIds:[],featureIds:[3]},{id:279,name:&quot;Mirando GmbH &amp; Co KG&quot;,policyUrl:&quot;https://wwwmirando.de/datenschutz/&quot;,purposeIds:[1,2,3,4,5],legIntPurposeIds:[],featureIds:[3]},{id:269,name:&quot;Sanoma Media Finland&quot;,policyUrl:&quot;https://sanoma.fi/tietoa-meista/tietosuoja/&quot;,purposeIds:[1,2,3],legIntPurposeIds:[4,5],featureIds:[1,2,3]},{id:276,name:&quot;Viralize SRL&quot;,policyUrl:&quot;https://viralize.com/privacy-policy&quot;,purposeIds:[1,2,3,4,5],legIntPurposeIds:[],featureIds:[3]},{id:87,name:&quot;Genius Sports Media Limited&quot;,policyUrl:&quot;http://www.geniussports.com/privacy-policy/&quot;,purposeIds:[2,4],legIntPurposeIds:[1,3,5],featureIds:[2,3]},{id:182,name:&quot;Collective, Inc. dba Visto&quot;,policyUrl:&quot;https://www.vistohub.com/privacy-policy/&quot;,purposeIds:[1,2,3,4,5],legIntPurposeIds:[],featureIds:[1,2,3]},{id:255,name:&quot;Onnetwork Sp. z o.o.&quot;,policyUrl:&quot;https://www.onnetwork.tv/pp_services.php&quot;,purposeIds:[2,3,5],legIntPurposeIds:[1],featureIds:[]},{id:203,name:&quot;Revcontent, LLC&quot;,policyUrl:&quot;https://faq.revcontent.com/customer/en/portal/articles/2703838-revcontent-s-privacy-and-cookie-policy&quot;,purposeIds:[],legIntPurposeIds:[1,2,3,4,5],featureIds:[]},{id:260,name:&quot;RockYou, Inc.&quot;,policyUrl:&quot;https://rockyou.com/privacy-policy/&quot;,purposeIds:[3],legIntPurposeIds:[1,2,5],featureIds:[3]},{id:237,name:&quot;LKQD, a division of Nexstar Digital, LLC.&quot;,policyUrl:&quot;http://www.lkqd.com/privacy-policy/&quot;,purposeIds:[],legIntPurposeIds:[1,2,3,4,5],featureIds:[2,3]},{id:274,name:&quot;Golden Bees&quot;,policyUrl:&quot;http://goldenbees.fr/notre-politique-de-confidentialite/&quot;,purposeIds:[1,2,3,4,5],legIntPurposeIds:[],featureIds:[]},{id:280,name:&quot;Spot.IM Ltd.&quot;,policyUrl:&quot;http://spot.im/privacy&quot;,purposeIds:[],legIntPurposeIds:[1,2,3,4,5],featureIds:[]},{id:239,name:&quot;Triton Digital Canada Inc.&quot;,policyUrl:&quot;https://www.tritondigital.com/privacy-policies&quot;,purposeIds:[],legIntPurposeIds:[1,3,4,5],featureIds:[]},{id:177,name:&quot;plista GmbH&quot;,policyUrl:&quot;https://www.plista.com/about/privacy/&quot;,purposeIds:[1,2,3,4],legIntPurposeIds:[5],featureIds:[]},{id:201,name:&quot;TimeOne&quot;,policyUrl:&quot;https://www.timeonegroup.com/en/privacy-policies/&quot;,purposeIds:[],legIntPurposeIds:[2,3,4,5],featureIds:[2]},{id:150,name:&quot;Inskin Media LTD&quot;,policyUrl:&quot;http://www.inskinmedia.com/privacy-policy.html&quot;,purposeIds:[3],legIntPurposeIds:[1],featureIds:[]},{id:252,name:&quot;Jaduda GmbH&quot;,policyUrl:&quot;https://www.jadudamobile.com/datenschutzerklaerung/&quot;,purposeIds:[],legIntPurposeIds:[1,2,3,4,5],featureIds:[3]},{id:248,name:&quot;Converge-Digital&quot;,policyUrl:&quot;https://converge-digital.com/privacy-policy/&quot;,purposeIds:[],legIntPurposeIds:[1,3,4,5],featureIds:[]},{id:161,name:&quot;Smadex SL&quot;,policyUrl:&quot;http://smadex.com/end-user-privacy-policy/&quot;,purposeIds:[1,2,3,4,5],legIntPurposeIds:[],featureIds:[1,2,3]},{id:285,name:&quot;Comcast International France SAS&quot;,policyUrl:&quot;freewheel.tv/privacy-policy&quot;,purposeIds:[1],legIntPurposeIds:[],featureIds:[]},{id:228,name:&quot;McCann Discipline LTD&quot;,policyUrl:&quot;https://www.primis.tech/wp-content/uploads/2018/02/primisPrivacyPolicy2018.pdf&quot;,purposeIds:[],legIntPurposeIds:[1,3,4,5],featureIds:[]},{id:299,name:&quot;AdClear GmbH&quot;,policyUrl:&quot;https://www.adclear.de/datenschutzerklaerung/&quot;,purposeIds:[],legIntPurposeIds:[1,2,3,4,5],featureIds:[1,2]},{id:277,name:&quot;Codewise Sp. z o.o. Sp. k&quot;,policyUrl:&quot;https://voluumdsp.com/end-user-privacy-policy/&quot;,purposeIds:[1,2,3,4],legIntPurposeIds:[5],featureIds:[1,2]},{id:259,name:&quot;ADYOULIKE SA&quot;,policyUrl:&quot;https://www.adyoulike.com/privacy_policy.php&quot;,purposeIds:[1,2,3,4],legIntPurposeIds:[],featureIds:[]},{id:289,name:&quot;mobalo GmbH&quot;,policyUrl:&quot;https://www.mobalo.com/datenschutz/&quot;,purposeIds:[1,2,3,4,5],legIntPurposeIds:[],featureIds:[3]},{id:272,name:&quot;A.Mob&quot;,policyUrl:&quot;https://adotmob.com/privacy.html&quot;,purposeIds:[1,2,3,4,5],legIntPurposeIds:[],featureIds:[1,2,3]},{id:230,name:&quot;Steel House, Inc.&quot;,policyUrl:&quot;https://steelhouse.com/privacy-policy/&quot;,purposeIds:[1,2,3,4,5],legIntPurposeIds:[],featureIds:[]},{id:253,name:&quot;Improve Digital International BV&quot;,policyUrl:&quot;https://www.improvedigital.com/platform-privacy-policy&quot;,purposeIds:[1,2,3,4,5],legIntPurposeIds:[],featureIds:[2,3]},{id:304,name:&quot;On Device Research Limited&quot;,policyUrl:&quot;https://s.on-device.com/privacyPolicy&quot;,purposeIds:[1,2,3,4,5],legIntPurposeIds:[],featureIds:[1,2,3]},{id:314,name:&quot;Keymantics&quot;,policyUrl:&quot;https://www.keymantics.com/assets/privacy-policy.pdf&quot;,purposeIds:[1,2,3],legIntPurposeIds:[],featureIds:[]},{id:257,name:&quot;TOUCHVIBES&quot;,policyUrl:&quot;http://www.r-target.com/privacy&quot;,purposeIds:[1],legIntPurposeIds:[],featureIds:[1,2]},{id:317,name:&quot;mainADV Srl&quot;,policyUrl:&quot;http://www.mainad.com/privacy-policy/&quot;,purposeIds:[1,2,3,4,5],legIntPurposeIds:[],featureIds:[2,3]},{id:278,name:&quot;Integral Ad Science, Inc.&quot;,policyUrl:&quot;https://integralads.com/privacy-policy/&quot;,purposeIds:[],legIntPurposeIds:[5],featureIds:[]},{id:291,name:&quot;Qwertize&quot;,policyUrl:&quot;https://www.qwertize.com/en/privacy&quot;,purposeIds:[1,2,4],legIntPurposeIds:[3,5],featureIds:[]},{id:295,name:&quot;Sojern, Inc.&quot;,policyUrl:&quot;https://www.sojern.com/privacy/product-privacy-policy/&quot;,purposeIds:[1,2,3,5],legIntPurposeIds:[],featureIds:[2]},{id:315,name:&quot;Celtra, Inc.&quot;,policyUrl:&quot;https://www.celtra.com/privacy-policy/&quot;,purposeIds:[1,3],legIntPurposeIds:[],featureIds:[3]},{id:165,name:&quot;SpotX&quot;,policyUrl:&quot;https://www.spotx.tv/privacy-policy/&quot;,purposeIds:[1],legIntPurposeIds:[],featureIds:[]},{id:47,name:&quot;ADMAN - Phaistos Networks, S.A.&quot;,policyUrl:&quot;http://www.adman.gr/privacy&quot;,purposeIds:[],legIntPurposeIds:[1,2,3,4,5],featureIds:[]},{id:134,name:&quot;SMARTSTREAM.TV GmbH&quot;,policyUrl:&quot;https://www.smartstream.tv/en/privacy&quot;,purposeIds:[1,2,3],legIntPurposeIds:[],featureIds:[1,2]},{id:325,name:&quot;Knorex Pte Ltd&quot;,policyUrl:&quot;https://www.knorex.com/privacy&quot;,purposeIds:[],legIntPurposeIds:[1,2,3,4,5],featureIds:[1,2,3]},{id:316,name:&quot;Gamned&quot;,policyUrl:&quot;https://www.gamned.com/privacy-policy/&quot;,purposeIds:[1,2,3,4,5],legIntPurposeIds:[],featureIds:[3]},{id:318,name:&quot;Accorp Sp. z o.o.&quot;,policyUrl:&quot;http://www.instytut-pollster.pl/privacy-policy/&quot;,purposeIds:[2,3,4],legIntPurposeIds:[1,5],featureIds:[]},{id:199,name:&quot;ADUX&quot;,policyUrl:&quot;http://www.adux.com/donnees-personelles/&quot;,purposeIds:[1,2,3,4,5],legIntPurposeIds:[],featureIds:[]},{id:236,name:&quot;PowerLinks Media Limited&quot;,policyUrl:&quot;https://www.powerlinks.com/privacy-policy/&quot;,purposeIds:[1,2,5],legIntPurposeIds:[3,4],featureIds:[3]},{id:294,name:&quot;Jivox Corp&quot;,policyUrl:&quot;http://www.jivox.com/privacy&quot;,purposeIds:[],legIntPurposeIds:[1,2,3,4,5],featureIds:[3]},{id:143,name:&quot;Connatix Native Exchange Inc.&quot;,policyUrl:&quot;https://connatix.com/privacy-policy/&quot;,purposeIds:[1,2,3,4,5],legIntPurposeIds:[],featureIds:[]},{id:297,name:&quot;Polar Mobile Group Inc.&quot;,policyUrl:&quot;https://privacy.polar.me&quot;,purposeIds:[2],legIntPurposeIds:[1,3,4,5],featureIds:[]},{id:319,name:&quot;Clipcentric, Inc.&quot;,policyUrl:&quot;https://peter.clipcentric.com/privacy05252018.bhtml&quot;,purposeIds:[1,3],legIntPurposeIds:[5],featureIds:[3]},{id:290,name:&quot;Readpeak Oy&quot;,policyUrl:&quot;http://readpeak.com/privacy-policy/&quot;,purposeIds:[1,2,3,4,5],legIntPurposeIds:[],featureIds:[]},{id:323,name:&quot;Perform Media Services Ltd&quot;,policyUrl:&quot;http://www.performgroup.com/media-privacy-notice&quot;,purposeIds:[2],legIntPurposeIds:[1,3,4,5],featureIds:[1,2]},{id:119,name:&quot;S4M&quot;,policyUrl:&quot;http://www.s4m.io/privacy-policy/&quot;,purposeIds:[2],legIntPurposeIds:[1,3,4,5],featureIds:[1,3]},{id:302,name:&quot;Mobile Professionals BV&quot;,policyUrl:&quot;https://mobpro.com/privacy.html&quot;,purposeIds:[1,2,3,4,5],legIntPurposeIds:[],featureIds:[3]},{id:212,name:&quot;usemax advertisement (Emego GmbH)&quot;,policyUrl:&quot;http://www.usemax.de/?l=privacy&quot;,purposeIds:[],legIntPurposeIds:[1,2,3,4,5],featureIds:[]},{id:264,name:&quot;Adobe Advertising Cloud&quot;,policyUrl:&quot;https://www.adobe.com/nz/privacy/marketing-cloud.html&quot;,purposeIds:[1,2,4,5],legIntPurposeIds:[],featureIds:[2]},{id:309,name:&quot;Videology Ltd.&quot;,policyUrl:&quot;https://videologygroup.com/en/privacy-policy&quot;,purposeIds:[],legIntPurposeIds:[1,2,3,5],featureIds:[1]},{id:44,name:&quot;The ADEX GmbH&quot;,policyUrl:&quot;www.theadex.com&quot;,purposeIds:[1],legIntPurposeIds:[2,3,4,5],featureIds:[1,2,3]},{id:282,name:&quot;Welect GmbH&quot;,policyUrl:&quot;https://www.welect.de/datenschutz&quot;,purposeIds:[],legIntPurposeIds:[5],featureIds:[]},{id:238,name:&quot;StackAdapt&quot;,policyUrl:&quot;www.stackadapt.com/privacy&quot;,purposeIds:[],legIntPurposeIds:[1,2,3,4,5],featureIds:[1,2,3]},{id:284,name:&quot;WEBORAMA&quot;,policyUrl:&quot;https://weborama.com/fr/respect-de-la-vie-privee/&quot;,purposeIds:[],legIntPurposeIds:[1,2,3,4,5],featureIds:[1,2,3]},{id:148,name:&quot;Liveintent Inc.&quot;,policyUrl:&quot;https://liveintent.com/services-privacy-policy/&quot;,purposeIds:[1],legIntPurposeIds:[],featureIds:[2]},{id:64,name:&quot;IAB Technology Laboratory, Inc.&quot;,policyUrl:&quot;http://www.digitru.st/privacy-policy/&quot;,purposeIds:[1],legIntPurposeIds:[],featureIds:[]},{id:301,name:&quot;zeotap GmbH&quot;,policyUrl:&quot;https://www.zeotap.com/privacy_policy/&quot;,purposeIds:[],legIntPurposeIds:[1,2,3,4,5],featureIds:[1,2]},{id:275,name:&quot;TabMo SAS&quot;,policyUrl:&quot;http://static.tabmo.io.s3.amazonaws.com/privacy-policy/index.html&quot;,purposeIds:[1,2,3],legIntPurposeIds:[],featureIds:[1,3]},{id:310,name:&quot;Schibsted Classified Media Spain, S.L.&quot;,policyUrl:&quot;https://www.vibbo.com/privacidad.htm?ca=0_s&quot;,purposeIds:[],legIntPurposeIds:[4],featureIds:[]},{id:139,name:&quot;Permodo GmbH&quot;,policyUrl:&quot;https://permodo.com/de/privacy.html&quot;,purposeIds:[1,2,3],legIntPurposeIds:[],featureIds:[1,2,3]},{id:326,name:&quot;AdTiming Technology Company Limited&quot;,policyUrl:&quot;http://www.adtiming.com/en/privacypolicy.html&quot;,purposeIds:[3,5],legIntPurposeIds:[1,2,4],featureIds:[]},{id:262,name:&quot;Fyber &quot;,policyUrl:&quot;https://www.fyber.com/legal/privacy-policy/&quot;,purposeIds:[3],legIntPurposeIds:[],featureIds:[3]},{id:331,name:&quot;ad6media&quot;,policyUrl:&quot;https://www.ad6media.fr/privacy&quot;,purposeIds:[1,2,4],legIntPurposeIds:[3,5],featureIds:[2,3]},{id:345,name:&quot;The Kantar Group Limited&quot;,policyUrl:&quot;http://www.kantar.com/cookies-policies&quot;,purposeIds:[1,3,5],legIntPurposeIds:[],featureIds:[1,2,3]},{id:308,name:&quot;Rockabox Media Ltd&quot;,policyUrl:&quot;http://scoota.com/privacy-policy&quot;,purposeIds:[1],legIntPurposeIds:[2,3],featureIds:[]},{id:270,name:&quot;Marfeel Slutions S.L&quot;,policyUrl:&quot;https://www.marfeel.com/privacy-policy/&quot;,purposeIds:[1,3],legIntPurposeIds:[],featureIds:[]},{id:333,name:&quot;InMobi Pte Ltd&quot;,policyUrl:&quot;https://www.inmobi.com/privacy-policy-for-eea&quot;,purposeIds:[1,2,3,4,5],legIntPurposeIds:[],featureIds:[1,2,3]},{id:202,name:&quot;Telaria, Inc&quot;,policyUrl:&quot;https://telaria.com/privacy-policy/&quot;,purposeIds:[1,2,3,4,5],legIntPurposeIds:[],featureIds:[1,2,3]},{id:328,name:&quot;Gemius SA&quot;,policyUrl:&quot;https://www.gemius.com/cookie-policy.html&quot;,purposeIds:[1,2,3,4,5],legIntPurposeIds:[],featureIds:[2]},{id:281,name:&quot;Wizaly&quot;,policyUrl:&quot;https://www.wizaly.com/terms-of-use#privacy-policy&quot;,purposeIds:[],legIntPurposeIds:[1,5],featureIds:[1,2]}]};var C=new Date();C.getDate();var z=new Set();var B=new Set();if(A){y.vendors.forEach(function(E){B.add(E.id)});y.purposes.forEach(function(E){z.add(E.id)})}var D={selectedPurposeIds:z,selectedVendorIds:B,cookieVersion:1,cmpId:1,cmpVersion:1,consentLanguage:&quot;EN&quot;,maxVendorId:345,created:C.toUTCString(),lastUpdated:C.toUTCString(),vendorListVersion:31,vendorList:y};if(window.__cmp){window.__cmp(&quot;setVendorConsentCookie&quot;,D)}}function w(z,C,y){var A=v();if(!A){return}var B=(y)?&quot;POST&quot;:&quot;GET&quot;;A.open(B,z,true);if(y){A.setRequestHeader(&quot;Content-type&quot;,&quot;application/x-www-form-urlencoded&quot;)}A.onreadystatechange=function(){if(A.readyState!==4){return}if(A.status!==200&amp;&amp;A.status!==304){return}C(A)};if(A.readyState===4){return}A.send(y)}function o(z){var A=new Date();A.setTime(A.getTime()+(results.ckLength*24*60*60*1000));var y=&quot;expires=&quot;+A.toUTCString();document.cookie=results.ezCMP+&quot;=&quot;+z+&quot;;&quot;+y+&quot;;domain=&quot;+results.domain+&quot;;path=/&quot;}function t(A){c=A;var z=template;for(var y=0;y&lt;results.contentData.list.length;y++){var B=results.contentData.list[y];if(B.language===c){j=B.id;z=z.replace(/{dialog-heading}/g,B.dialogHeading).replace(/{dialog-body}/g,B.dialogBody).replace(/{privacy}/g,results.privacy);z=z.replace(/{decline-button-text}/g,B.declineButton).replace(/{accept-button-text}/g,B.acceptButton).replace(/{ok-button-text}/g,B.okButton);z=z.replace(/{necessary}/g,B.necessaryCategory).replace(/{preference}/g,B.preferenceCategory).replace(/{statistics}/g,B.statisticsCategory).replace(/{marketing}/g,B.marketingCategory).replace(/{unclassified}/g,B.unclassifiedCategory);z=z.replace(/{cookie-details-link}/g,B.cookieDetailsLink).replace(/{about-cookies-link}/g,B.aboutCookiesLink).replace(/{privacy-link}/g,B.privacyPolicyLink);z=z.replace(/{column-pii}/g,B.columnPII).replace(/{column-duration}/g,B.columnDuration).replace(/{column-name}/g,B.columnName).replace(/{column-purpose}/g,B.columnPurpose).replace(/{cookie-info}/g,B.cookieInfo.replace(/(?:\r\n|\\r\\n|\r|\n)/g,&quot;&lt;br&gt;&quot;))}}document.getElementById(&quot;ez-cookie-form&quot;).innerHTML=z;e(&quot;necessary&quot;);q.about=false;q.details=false}function l(){var y=document.getElementById(&quot;ez-about-cookies-text&quot;);y.setAttribute(&quot;style&quot;,q.about?&quot;display:none!important&quot;:&quot;display:block!important&quot;);q.about=!q.about}function u(y){y=typeof y!==&quot;undefined&quot;?y:false;var z=document.getElementById(&quot;ez-cookie-details-container&quot;);z.setAttribute(&quot;style&quot;,q.details?&quot;display:none!important&quot;:&quot;display:block!important&quot;);if(q.details){document.getElementById(&quot;ez-cookie-details&quot;).classList.remove(&quot;open&quot;);if(y&amp;&amp;q.about){l()}}else{document.getElementById(&quot;ez-cookie-details&quot;).classList.add(&quot;open&quot;)}q.details=!q.details}return{changeLanguage:t,handleAcceptClick:g,handleDeclineClick:d,handleOkClick:n,init:s,loadDetails:e,toggleAbout:l,toggleDetails:u}
    })();
    ezCMP.init();
    </script>
    <script type="text/javascript" async="async" src="/utilcave_com/inc/ezcl.webp?cb=4"/>
  </body>
</html>
]]></system-out>
    <system-err><![CDATA[18219 [main] INFO net.serenitybdd.core.Serenity - 
        __    _____ _____ ____ _____   ____   _    ____  ____  _____ ____  
  _     \ \  |_   _| ____/ ___|_   _| |  _ \ / \  / ___|/ ___|| ____|  _ \ 
 (_)_____| |   | | |  _| \___ \ | |   | |_) / _ \ \___ \\___ \|  _| | | | |
  _|_____| |   | | | |___ ___) || |   |  __/ ___ \ ___) |___) | |___| |_| |
 (_)     | |   |_| |_____|____/ |_|   |_| /_/   \_\____/|____/|_____|____/ 
        /_/                                                                

TEST PASSED: Test04
----------------------------------------------------------------------------
18634 [pool-1-thread-4] INFO net.thucydides.core.reports.json.JSONTestOutcomeReporter - Generating JSON report for Test04 to file C:\Users\JANVI\IdeaProjects\employees-api-serenity\target\site\serenity\56c50296a3bf539453517892e736b5fe30bd62b49fde928c1fdb27f6313f2900.json (using temp file C:\Users\JANVI\IdeaProjects\employees-api-serenity\target\site\serenity\56c50296a3bf539453517892e736b5fe30bd62b49fde928c1fdb27f6313f2900.jsonfd3347a1-7b3a-47bf-b4ed-99282d2bcdad)
18635 [pool-1-thread-2] INFO net.thucydides.core.reports.json.JSONTestOutcomeReporter - Generating JSON report for Test02 to file C:\Users\JANVI\IdeaProjects\employees-api-serenity\target\site\serenity\d4ae8eb9fe458c0f5909361c4ea8cbb6cec454dfdda118bf0b5c23765892e8fc.json (using temp file C:\Users\JANVI\IdeaProjects\employees-api-serenity\target\site\serenity\d4ae8eb9fe458c0f5909361c4ea8cbb6cec454dfdda118bf0b5c23765892e8fc.json05a3263c-bbaa-42b5-ba91-e48976982ffc)
18635 [pool-1-thread-1] INFO net.thucydides.core.reports.json.JSONTestOutcomeReporter - Generating JSON report for Test01 to file C:\Users\JANVI\IdeaProjects\employees-api-serenity\target\site\serenity\05afc4fb7ed4998736e5c2002a64bcc0ff5713132eff8a280bc157e857e755f3.json (using temp file C:\Users\JANVI\IdeaProjects\employees-api-serenity\target\site\serenity\05afc4fb7ed4998736e5c2002a64bcc0ff5713132eff8a280bc157e857e755f3.json7eb1adc3-da99-452d-8c0b-89e3396ba412)
18636 [pool-1-thread-3] INFO net.thucydides.core.reports.json.JSONTestOutcomeReporter - Generating JSON report for Test03 to file C:\Users\JANVI\IdeaProjects\employees-api-serenity\target\site\serenity\733d18a8bf34cbc015b006eee86bb19703b81081652b4ef8a3e672194c6d64dc.json (using temp file C:\Users\JANVI\IdeaProjects\employees-api-serenity\target\site\serenity\733d18a8bf34cbc015b006eee86bb19703b81081652b4ef8a3e672194c6d64dc.json1dd8f827-9ed4-4542-8876-37523599f957)
20632 [pool-1-thread-3] INFO net.thucydides.core.reports.html.HtmlAcceptanceTestReporter - GENERATING HTML REPORT FOR Employees CURD test:test03 in 733d18a8bf34cbc015b006eee86bb19703b81081652b4ef8a3e672194c6d64dc.html in directory target\site\serenity  
20634 [pool-1-thread-1] INFO net.thucydides.core.reports.html.HtmlAcceptanceTestReporter - GENERATING HTML REPORT FOR Employees CURD test:test04 in 56c50296a3bf539453517892e736b5fe30bd62b49fde928c1fdb27f6313f2900.html in directory target\site\serenity  
20638 [pool-1-thread-4] INFO net.thucydides.core.reports.html.HtmlAcceptanceTestReporter - GENERATING HTML REPORT FOR Employees CURD test:test01 in 05afc4fb7ed4998736e5c2002a64bcc0ff5713132eff8a280bc157e857e755f3.html in directory target\site\serenity  
20638 [pool-1-thread-2] INFO net.thucydides.core.reports.html.HtmlAcceptanceTestReporter - GENERATING HTML REPORT FOR Employees CURD test:test02 in d4ae8eb9fe458c0f5909361c4ea8cbb6cec454dfdda118bf0b5c23765892e8fc.html in directory target\site\serenity  
]]></system-err>
  </testcase>
</testsuite>